INFO-FLOW: Workspace C:/FPGA_PROJECTS/hls/axiVideoStream2AxiStream/solution1 opened at Thu Sep 17 22:26:39 +0200 2020
Execute     config_clock -quiet -name default -period 20 -default=false 
INFO: [SYN 201-201] Setting up clock 'default' with a period of 20ns.
Execute     open_platform DefaultPlatform 
Execute     import_lib C:/Xilinx/Vivado/2018.3/common/technology/xilinx/zynq/zynq 
Execute       source C:/Xilinx/Vivado/2018.3/common/technology/xilinx/common/xilinx.lib 
Execute         source C:/Xilinx/Vivado/2018.3/common/technology/xilinx/interface/xilinx_interface.lib 
Execute           source C:/Xilinx/Vivado/2018.3/common/technology/xilinx/interface/plb46.lib 
Execute           source C:/Xilinx/Vivado/2018.3/common/technology/xilinx/interface/fsl.lib 
Execute           source C:/Xilinx/Vivado/2018.3/common/technology/xilinx/interface/axi4.lib 
Execute           source C:/Xilinx/Vivado/2018.3/common/technology/xilinx/interface/maxi.lib 
Execute           source C:/Xilinx/Vivado/2018.3/common/technology/xilinx/interface/saxilite.lib 
Execute         source C:/Xilinx/Vivado/2018.3/common/technology/xilinx/common/dsp48.lib 
Execute         source C:/Xilinx/Vivado/2018.3/common/technology/xilinx/ip/dds_compiler.lib 
Execute         source C:/Xilinx/Vivado/2018.3/common/technology/xilinx/ip/xfft.lib 
Execute         source C:/Xilinx/Vivado/2018.3/common/technology/xilinx/ip/xfir.lib 
Execute       source C:/Xilinx/Vivado/2018.3/common/technology/xilinx/common/xilinx_old.lib 
Execute       source C:/Xilinx/Vivado/2018.3/common/technology/xilinx/common/xilinx_vivado.lib 
Execute       source C:/Xilinx/Vivado/2018.3/common/technology/xilinx/common/xilinx.hlp 
Execute         source C:/Xilinx/Vivado/2018.3/common/technology/xilinx/common/target_info.tcl 
Execute         source C:/Xilinx/Vivado/2018.3/common/technology/xilinx/interface/xilinx_interface.hlp 
Execute           source C:/Xilinx/Vivado/2018.3/common/technology/xilinx/interface/maxi.hlp 
Execute           source C:/Xilinx/Vivado/2018.3/common/technology/xilinx/interface/saxilite.hlp 
Execute         source C:/Xilinx/Vivado/2018.3/common/technology/xilinx/common/dsp48.hlp 
Execute       source C:/Xilinx/Vivado/2018.3/common/technology/xilinx/zynq/dsp48e1.hlp 
Execute       get_default_platform 
Execute       config_chip_info -quiet -resource  {SLICE 13300}  {LUT 53200}     {FF 106400} {DSP48E 220}   {BRAM 280}  
Execute       config_chip_info -quiet -speed medium 
Execute       source C:/Xilinx/Vivado/2018.3/common/technology/xilinx/common/xilinx.hlp 
Execute         source C:/Xilinx/Vivado/2018.3/common/technology/xilinx/common/target_info.tcl 
Execute         source C:/Xilinx/Vivado/2018.3/common/technology/xilinx/interface/xilinx_interface.hlp 
Execute           source C:/Xilinx/Vivado/2018.3/common/technology/xilinx/interface/maxi.hlp 
Execute           source C:/Xilinx/Vivado/2018.3/common/technology/xilinx/interface/saxilite.hlp 
Execute         source C:/Xilinx/Vivado/2018.3/common/technology/xilinx/common/dsp48.hlp 
Execute     source C:/Xilinx/Vivado/2018.3/common/technology/xilinx/zynq/zynq.gen 
Execute       source C:/Xilinx/Vivado/2018.3/common/technology/xilinx/common/virtex.gen 
Execute         source C:/Xilinx/Vivado/2018.3/common/technology/xilinx/common/xilinx.gen 
Execute           source C:/Xilinx/Vivado/2018.3/common/technology/xilinx/interface/plb46.gen 
Execute           source C:/Xilinx/Vivado/2018.3/common/technology/xilinx/interface/fsl.gen 
Execute           source C:/Xilinx/Vivado/2018.3/common/technology/xilinx/interface/axi4.gen 
Execute           source C:/Xilinx/Vivado/2018.3/common/technology/xilinx/interface/nativeAXI4.gen 
Execute             source C:/Xilinx/Vivado/2018.3/common/technology/xilinx/interface/saxilite.gen 
Execute             source C:/Xilinx/Vivado/2018.3/common/technology/xilinx/interface/maxi.gen 
Execute           source C:/Xilinx/Vivado/2018.3/common/technology/xilinx/scripts/xilinxcoregen.gen 
Execute           source C:/Xilinx/Vivado/2018.3/common/technology/xilinx/interface/XilEDKCoreGen.gen 
Execute           source C:/Xilinx/Vivado/2018.3/common/technology/xilinx/ip/dds_compiler.gen 
Execute           source C:/Xilinx/Vivado/2018.3/common/technology/xilinx/ip/util.gen 
Execute           source C:/Xilinx/Vivado/2018.3/common/technology/xilinx/ip/xfft.gen 
Command           ap_source done; 0.115 sec.
Execute           source C:/Xilinx/Vivado/2018.3/common/technology/xilinx/ip/xfir.gen 
Command         ap_source done; 0.165 sec.
Execute         source C:/Xilinx/Vivado/2018.3/common/technology/xilinx/common/dsp48.gen 
Command       ap_source done; 0.168 sec.
Command     ap_source done; 0.169 sec.
Execute     open_platform DefaultPlatform 
Execute     import_lib C:/Xilinx/Vivado/2018.3/common/technology/xilinx/zynq/zynq_fpv6 
Execute       source C:/Xilinx/Vivado/2018.3/common/technology/xilinx/common/xilinx_fpv7.lib 
Execute         source C:/Xilinx/Vivado/2018.3/common/technology/xilinx/common/xilinx_hp.lib 
Execute       source C:/Xilinx/Vivado/2018.3/common/technology/xilinx/common/xilinx_fpv.hlp 
Execute         source C:/Xilinx/Vivado/2018.3/common/technology/xilinx/common/xilinx.hlp 
Execute           source C:/Xilinx/Vivado/2018.3/common/technology/xilinx/common/target_info.tcl 
Execute           source C:/Xilinx/Vivado/2018.3/common/technology/xilinx/interface/xilinx_interface.hlp 
Execute             source C:/Xilinx/Vivado/2018.3/common/technology/xilinx/interface/maxi.hlp 
Execute             source C:/Xilinx/Vivado/2018.3/common/technology/xilinx/interface/saxilite.hlp 
Execute           source C:/Xilinx/Vivado/2018.3/common/technology/xilinx/common/dsp48.hlp 
Execute       source C:/Xilinx/Vivado/2018.3/common/technology/xilinx/zynq/zynq_hp.hlp 
Execute     source C:/Xilinx/Vivado/2018.3/common/technology/xilinx/zynq/zynq_fpv6.gen 
Execute       source C:/Xilinx/Vivado/2018.3/common/technology/xilinx/common/xilinx_fpv6.gen 
Execute     set_part xc7z010clg400-1 
Execute       add_library xilinx/zynq/zynq:xc7z010:clg400:-1 
Execute         get_default_platform 
Execute         license_isbetapart xc7z010 
Command         license_isbetapart done; error code: 1; 
Execute         get_default_platform 
Execute         config_chip_info -quiet -resource  {SLICE 4400}   {LUT 17600}     {FF 35200}  {DSP48E 80}    {BRAM 120}  
Execute         config_chip_info -quiet -speed slow 
Execute       add_library xilinx/zynq/zynq_fpv6 
Execute         get_default_platform 
INFO: [HLS 200-10] Setting target device to 'xc7z010clg400-1'
Execute       get_default_platform 
Execute     get_default_platform 
Execute     config_chip_info -quiet -resource  {SLICE 4400}   {LUT 17600}     {FF 35200}  {DSP48E 80}    {BRAM 120}  
Execute     config_chip_info -quiet -speed slow 
Command   open_solution done; 0.33 sec.
Execute   set_part xc7z010clg400-1 -tool vivado 
Execute     add_library xilinx/zynq/zynq:xc7z010:clg400:-1 
Execute       get_default_platform 
Execute       license_isbetapart xc7z010 
Command       license_isbetapart done; error code: 1; 
Execute       get_default_platform 
Execute       config_chip_info -quiet -resource  {SLICE 4400}   {LUT 17600}     {FF 35200}  {DSP48E 80}    {BRAM 120}  
Execute       config_chip_info -quiet -speed slow 
Execute     add_library xilinx/zynq/zynq_fpv6 
Execute       get_default_platform 
Execute     get_default_platform 
Execute   create_clock -period 20 -name default 
Execute     config_clock -quiet -name default -period 20 -default=false 
INFO: [SYN 201-201] Setting up clock 'default' with a period of 20ns.
Execute   csynth_design 
Execute     get_config_compile -effort 
Execute     get_config_compile -enable_clang39 
Execute     get_config_compile -g 
Execute     get_config_compile -lm 
Execute     get_config_compile -ng 
Execute     get_config_compile -opt_fp 
Execute     get_config_compile -skip_cdt 
Execute     get_config_compile -skip_syncheck 
Execute     get_config_compile -skip_transform 
Execute     config_compile -blackbox  
Execute     get_config_compile -keep_printf 
Execute     elaborate -effort=medium -skip_syncheck=0 -keep_printf=0 -lm=0 -skip_cdt=0 -skip_transform=0 -ng=0 -g=0 -opt_fp=0 -from_csynth_design=1 
Execute       get_config_schedule -relax_ii_for_timing 
INFO: [SCHED 204-61] Option 'relax_ii_for_timing' is enabled, will increase II to preserve clock frequency constraints.
Execute       get_config_schedule -suppress_dependence_error_break 
INFO: [HLS 200-10] Analyzing design file 'axiVideoStream2AxiStream/axiVideoStream2AxiStream.cpp' ... 
INFO-FLOW: Compiling one TU...
Execute       is_m_axi_addr64 
INFO-FLOW: Handling axiVideoStream2AxiStream/axiVideoStream2AxiStream.cpp as C++
Execute       get_default_platform 
Execute       is_encrypted axiVideoStream2AxiStream/axiVideoStream2AxiStream.cpp 
Execute       get_default_platform 
INFO-FLOW: Running: GCC PP
INFO-FLOW: Source preprocessing
Execute       clang  -fno-limit-debug-info -gcc-toolchain "C:/Xilinx/Vivado/2018.3/msys" -hls  -fno-exceptions  -D__llvm__  -E "axiVideoStream2AxiStream/axiVideoStream2AxiStream.cpp"     -fno-math-errno -c -emit-llvm -O0  -mllvm -disable-llvm-optzns -fno-threadsafe-statics  -fno-use-cxa-atexit  -fno-threadsafe-statics -fno-use-cxa-atexit -D__CLANG_3_1__ -D__cdecl= -DAESL_SYN -D__SYNTHESIS__ -D__HLS_SYN__ -I "C:/Xilinx/Vivado/2018.3/common/technology/autopilot" -I "C:/Xilinx/Vivado/2018.3/common/technology/autopilot/ap_sysc" -include etc/autopilot_ssdm_op.h -D__DSP48E1__  -o "C:/FPGA_PROJECTS/hls/axiVideoStream2AxiStream/solution1/.autopilot/db/axiVideoStream2AxiStream.pp.0.cpp" 
INFO-FLOW: exec C:/Xilinx/Vivado/2018.3/win64/tools/clang/bin/clang -fno-limit-debug-info -gcc-toolchain C:/Xilinx/Vivado/2018.3/msys -hls -fno-exceptions -D__llvm__ -E axiVideoStream2AxiStream/axiVideoStream2AxiStream.cpp -fno-math-errno -c -emit-llvm -O0 -mllvm -disable-llvm-optzns -fno-threadsafe-statics -fno-use-cxa-atexit -fno-threadsafe-statics -fno-use-cxa-atexit -D__CLANG_3_1__ -D__cdecl= -DAESL_SYN -D__SYNTHESIS__ -D__HLS_SYN__ -I C:/Xilinx/Vivado/2018.3/common/technology/autopilot -I C:/Xilinx/Vivado/2018.3/common/technology/autopilot/ap_sysc -include etc/autopilot_ssdm_op.h -D__DSP48E1__ -o C:/FPGA_PROJECTS/hls/axiVideoStream2AxiStream/solution1/.autopilot/db/axiVideoStream2AxiStream.pp.0.cpp
Command       clang done; 1.008 sec.
Execute       tidy_31 xilinx-xfmat-array-geometry C:/FPGA_PROJECTS/hls/axiVideoStream2AxiStream/solution1/.autopilot/db/axiVideoStream2AxiStream.pp.0.cpp std=gnu++98 
INFO-FLOW: exec C:/Xilinx/Vivado/2018.3/win64/tools/clang-3.9-csynth/bin/tidy-3.1 -header-filter=.* -checks=-*,xilinx-xfmat-array-geometry -quiet -fix C:/FPGA_PROJECTS/hls/axiVideoStream2AxiStream/solution1/.autopilot/db/axiVideoStream2AxiStream.pp.0.cpp -- -std=gnu++98 -fhls -ferror-limit=0
Command       tidy_31 done; 0.55 sec.
INFO-FLOW: Syntax Checking before pre-processing...
Execute       clang -syntaxcheck -src C:/FPGA_PROJECTS/hls/axiVideoStream2AxiStream/solution1/.autopilot/db/axiVideoStream2AxiStream.pp.0.cpp  -fno-limit-debug-info -gcc-toolchain "C:/Xilinx/Vivado/2018.3/msys" -hls    -fno-math-errno -c -emit-llvm -O0  -mllvm -disable-llvm-optzns -fno-threadsafe-statics  -fno-use-cxa-atexit  -fno-threadsafe-statics -fno-use-cxa-atexit -D__CLANG_3_1__ -D__cdecl= -DAESL_SYN -D__SYNTHESIS__ -D__HLS_SYN__ -I "C:/Xilinx/Vivado/2018.3/common/technology/autopilot" -I "C:/Xilinx/Vivado/2018.3/common/technology/autopilot/ap_sysc" -include etc/autopilot_ssdm_op.h -D__DSP48E1__  "C:/FPGA_PROJECTS/hls/axiVideoStream2AxiStream/solution1/.autopilot/db/axiVideoStream2AxiStream.pp.0.cpp"  -o "C:/FPGA_PROJECTS/hls/axiVideoStream2AxiStream/solution1/.autopilot/db/useless.bc"  
INFO-FLOW: exec C:/Xilinx/Vivado/2018.3/win64/tools/clang/bin/clang -fno-limit-debug-info -gcc-toolchain C:/Xilinx/Vivado/2018.3/msys -hls -fno-math-errno -c -emit-llvm -O0 -mllvm -disable-llvm-optzns -fno-threadsafe-statics -fno-use-cxa-atexit -fno-threadsafe-statics -fno-use-cxa-atexit -D__CLANG_3_1__ -D__cdecl= -DAESL_SYN -D__SYNTHESIS__ -D__HLS_SYN__ -I C:/Xilinx/Vivado/2018.3/common/technology/autopilot -I C:/Xilinx/Vivado/2018.3/common/technology/autopilot/ap_sysc -include etc/autopilot_ssdm_op.h -D__DSP48E1__ C:/FPGA_PROJECTS/hls/axiVideoStream2AxiStream/solution1/.autopilot/db/axiVideoStream2AxiStream.pp.0.cpp -o C:/FPGA_PROJECTS/hls/axiVideoStream2AxiStream/solution1/.autopilot/db/useless.bc
Command       clang done; 1.522 sec.
INFO-FLOW: Done: GCC PP time: 3.1 seconds per iteration
Execute       list_core -type functional_unit 
Execute       tidy_31 xilinx-systemc-detector C:/FPGA_PROJECTS/hls/axiVideoStream2AxiStream/solution1/.autopilot/db/axiVideoStream2AxiStream.pp.0.cpp std=gnu++98 -directive=C:/FPGA_PROJECTS/hls/axiVideoStream2AxiStream/solution1/.autopilot/db/.systemc_flag 
INFO-FLOW: exec C:/Xilinx/Vivado/2018.3/win64/tools/clang-3.9-csynth/bin/tidy-3.1 -header-filter=.* -checks=-*,xilinx-systemc-detector -import-directive=C:/FPGA_PROJECTS/hls/axiVideoStream2AxiStream/solution1/.autopilot/db/.systemc_flag -quiet -fix-errors C:/FPGA_PROJECTS/hls/axiVideoStream2AxiStream/solution1/.autopilot/db/axiVideoStream2AxiStream.pp.0.cpp -- -std=gnu++98 -fhls -ferror-limit=0
Command       tidy_31 done; 0.51 sec.
INFO-FLOW: Running: tidy-3.1 CDT preprocess
Execute       tidy_31 xilinx-directive2pragma C:/FPGA_PROJECTS/hls/axiVideoStream2AxiStream/solution1/.autopilot/db/axiVideoStream2AxiStream.pp.0.cpp std=gnu++98 -directive=C:/FPGA_PROJECTS/hls/axiVideoStream2AxiStream/solution1/.autopilot/db/all.directive.json 
INFO-FLOW: exec C:/Xilinx/Vivado/2018.3/win64/tools/clang-3.9-csynth/bin/tidy-3.1 -header-filter=.* -checks=-*,xilinx-directive2pragma -import-directive=C:/FPGA_PROJECTS/hls/axiVideoStream2AxiStream/solution1/.autopilot/db/all.directive.json -quiet -fix-errors C:/FPGA_PROJECTS/hls/axiVideoStream2AxiStream/solution1/.autopilot/db/axiVideoStream2AxiStream.pp.0.cpp -- -std=gnu++98 -fhls -ferror-limit=0
Command       tidy_31 done; 0.499 sec.
Execute       get_config_dataflow -strict_mode 
Execute       ap_eval exec -ignorestderr C:/Xilinx/Vivado/2018.3/win64/tools/clang-3.9-csynth/bin/xilinx-dataflow-lawyer -export-fixes=C:/FPGA_PROJECTS/hls/axiVideoStream2AxiStream/solution1/.autopilot/db/xilinx-dataflow-lawyer.axiVideoStream2AxiStream.pp.0.cpp.diag.yml C:/FPGA_PROJECTS/hls/axiVideoStream2AxiStream/solution1/.autopilot/db/axiVideoStream2AxiStream.pp.0.cpp -- -std=gnu++98 -fhls -ferror-limit=0 -fstrict-dataflow > C:/FPGA_PROJECTS/hls/axiVideoStream2AxiStream/solution1/.autopilot/db/xilinx-dataflow-lawyer.axiVideoStream2AxiStream.pp.0.cpp.out.log 2> C:/FPGA_PROJECTS/hls/axiVideoStream2AxiStream/solution1/.autopilot/db/xilinx-dataflow-lawyer.axiVideoStream2AxiStream.pp.0.cpp.err.log 
Command       ap_eval done; 0.408 sec.
Execute       tidy_31 -errorcheck xilinx-constantarray-param,xilinx-resource-pragma-transformer,xilinx-xfmat-array-geometry C:/FPGA_PROJECTS/hls/axiVideoStream2AxiStream/solution1/.autopilot/db/axiVideoStream2AxiStream.pp.0.cpp std=gnu++98 
Execute         ap_eval exec -ignorestderr C:/Xilinx/Vivado/2018.3/win64/tools/clang-3.9-csynth/bin/tidy-3.1 -export-fixes=C:/FPGA_PROJECTS/hls/axiVideoStream2AxiStream/solution1/.autopilot/db/tidy-3.1.axiVideoStream2AxiStream.pp.0.cpp.diag.yml -header-filter=.* -checks=-*,xilinx-constantarray-param,xilinx-resource-pragma-transformer,xilinx-xfmat-array-geometry -quiet -fix-errors C:/FPGA_PROJECTS/hls/axiVideoStream2AxiStream/solution1/.autopilot/db/axiVideoStream2AxiStream.pp.0.cpp -- -std=gnu++98 -fhls -ferror-limit=0 > C:/FPGA_PROJECTS/hls/axiVideoStream2AxiStream/solution1/.autopilot/db/tidy-3.1.axiVideoStream2AxiStream.pp.0.cpp.out.log 2> C:/FPGA_PROJECTS/hls/axiVideoStream2AxiStream/solution1/.autopilot/db/tidy-3.1.axiVideoStream2AxiStream.pp.0.cpp.err.log 
Command         ap_eval done; 0.556 sec.
Execute         ap_eval exec -ignorestderr C:/Xilinx/Vivado/2018.3/win64/tools/clang-3.9-csynth/bin/xilinx-legacy-rewriter C:/FPGA_PROJECTS/hls/axiVideoStream2AxiStream/solution1/.autopilot/db/axiVideoStream2AxiStream.pp.0.cpp -- -std=gnu++98 -fhls -ferror-limit=0 > C:/FPGA_PROJECTS/hls/axiVideoStream2AxiStream/solution1/.autopilot/db/xilinx-legacy-rewriter.axiVideoStream2AxiStream.pp.0.cpp.out.log 2> C:/FPGA_PROJECTS/hls/axiVideoStream2AxiStream/solution1/.autopilot/db/xilinx-legacy-rewriter.axiVideoStream2AxiStream.pp.0.cpp.err.log 
Command         ap_eval done; 0.42 sec.
Command       tidy_31 done; 0.988 sec.
INFO-FLOW: Done: tidy-3.1 CDT preprocess time: 1.9 seconds per iteration
INFO-FLOW: Pragma Handling...
Execute       tidy_31 xilinx-ssdm-intrinsics-arguments C:/FPGA_PROJECTS/hls/axiVideoStream2AxiStream/solution1/.autopilot/db/axiVideoStream2AxiStream.pragma.1.cpp std=gnu++98 
INFO-FLOW: exec C:/Xilinx/Vivado/2018.3/win64/tools/clang-3.9-csynth/bin/tidy-3.1 -header-filter=.* -checks=-*,xilinx-ssdm-intrinsics-arguments -quiet -fix-errors C:/FPGA_PROJECTS/hls/axiVideoStream2AxiStream/solution1/.autopilot/db/axiVideoStream2AxiStream.pragma.1.cpp -- -std=gnu++98 -fhls -ferror-limit=0
Command       tidy_31 done; 0.561 sec.
Execute       get_default_platform 
INFO-FLOW: Processing labels
Execute       clang -src C:/FPGA_PROJECTS/hls/axiVideoStream2AxiStream/solution1/.autopilot/db/axiVideoStream2AxiStream.pragma.2.cpp  -fno-limit-debug-info -gcc-toolchain C:/Xilinx/Vivado/2018.3/msys -hls -hls-analyze-label -hls-analyze-pragma -fno-exceptions  -D__llvm__  -w  "C:/FPGA_PROJECTS/hls/axiVideoStream2AxiStream/solution1/.autopilot/db/axiVideoStream2AxiStream.pragma.2.cpp"    -fno-math-errno -c -emit-llvm -O0  -mllvm -disable-llvm-optzns -fno-threadsafe-statics  -fno-use-cxa-atexit -DAESL_SYN -D__SYNTHESIS__ -D__HLS_SYN__ -I "C:/Xilinx/Vivado/2018.3/common/technology/autopilot" -I "C:/Xilinx/Vivado/2018.3/common/technology/autopilot/ap_sysc" -include etc/autopilot_ssdm_op.h -D__DSP48E1__ -g -o "C:/FPGA_PROJECTS/hls/axiVideoStream2AxiStream/solution1/.autopilot/db/axiVideoStream2AxiStream.bc" 
INFO-FLOW: exec C:/Xilinx/Vivado/2018.3/win64/tools/clang/bin/clang -fno-limit-debug-info -gcc-toolchain C:/Xilinx/Vivado/2018.3/msys -hls -hls-analyze-label -hls-analyze-pragma -fno-exceptions -D__llvm__ -w C:/FPGA_PROJECTS/hls/axiVideoStream2AxiStream/solution1/.autopilot/db/axiVideoStream2AxiStream.pragma.2.cpp -fno-math-errno -c -emit-llvm -O0 -mllvm -disable-llvm-optzns -fno-threadsafe-statics -fno-use-cxa-atexit -DAESL_SYN -D__SYNTHESIS__ -D__HLS_SYN__ -I C:/Xilinx/Vivado/2018.3/common/technology/autopilot -I C:/Xilinx/Vivado/2018.3/common/technology/autopilot/ap_sysc -include etc/autopilot_ssdm_op.h -D__DSP48E1__ -g -o C:/FPGA_PROJECTS/hls/axiVideoStream2AxiStream/solution1/.autopilot/db/axiVideoStream2AxiStream.bc
Command       clang done; 1.441 sec.
INFO-FLOW: Linking Debug ...
Execute       llvm-ld C:/FPGA_PROJECTS/hls/axiVideoStream2AxiStream/solution1/.autopilot/db/axiVideoStream2AxiStream.g.bc -hls-opt -except-internalize axiVideoStream2AxiStream -LC:/Xilinx/Vivado/2018.3/win64/lib -lhlsm -lhlsmc++ -o C:/FPGA_PROJECTS/hls/axiVideoStream2AxiStream/solution1/.autopilot/db/a.g 
Command       llvm-ld done; 0.839 sec.
INFO: [HLS 200-111] Finished Linking Time (s): cpu = 00:00:00 ; elapsed = 00:00:10 . Memory (MB): peak = 102.398 ; gain = 17.133
INFO: [HLS 200-111] Finished Checking Pragmas Time (s): cpu = 00:00:00 ; elapsed = 00:00:10 . Memory (MB): peak = 102.398 ; gain = 17.133
Execute       get_config_sdx -target 
Execute       opt_and_import_c a -opt_level=2 -skip_syncheck=0 -ng=0 -keep_printf=0 
Execute         cleanup_all_models 
INFO: [HLS 200-10] Starting code transformations ...
Execute         transform -promote-dbg-pointer C:/FPGA_PROJECTS/hls/axiVideoStream2AxiStream/solution1/.autopilot/db/a.pp.bc -o C:/FPGA_PROJECTS/hls/axiVideoStream2AxiStream/solution1/.autopilot/db/a.pp.0.bc -f 
Execute         llvm-ld C:/FPGA_PROJECTS/hls/axiVideoStream2AxiStream/solution1/.autopilot/db/a.pp.0.bc -disable-opt -LC:/Xilinx/Vivado/2018.3/win64/lib -lfloatconversion -o C:/FPGA_PROJECTS/hls/axiVideoStream2AxiStream/solution1/.autopilot/db/a.g.0 
Command         llvm-ld done; 0.451 sec.
INFO-FLOW: Running Standard Transforms...
Execute         transform -hls -share-std-xform -demangle-name -inline-byval-memcpy -always-inline -promote-dbg-pointer -interface-preproc -mem2reg -lower-blackbox -scalarrepl -mem2reg -keep-read-access -instcombine -dce -promote-dbg-pointer -bitop-raise -loop-simplify -indvarspre -indvars -loop-simplify -xunroll -constprop -instcombine -simplifycfg -indvars -simplifycfg -dce -globaldce -basicaa -simplifycfg -mem2reg -globalopt -global-constprop -deadargelim -instcombine -simplifycfg -prune-eh -simplifycfg -scalarrepl -instcombine -reassociate -licm -simplifycfg -loop-simplify -indvars -instcombine -simplifycfg -mem2reg -loop-simplify -indvars -instcombine -gvn -gvn -instcombine -adce -break-crit-edges -simplifycfg -loop-delete -global-array-opt -dce -dse -adce -find-syn-modules -top axiVideoStream2AxiStream -deadargelim -mem2reg -instcombine -dce -presyn-prepare -auto-rom-infer -interface-preproc -syn-check -check-rec-only -find-region -simplifycfg -func-extr -function-inline -globaldce -mem2reg -instcombine -dce -gvn -globaldce -adce -adse -constprop -instcombine -bit-constprop -instcombine -dce -simplifycfg -bitop-raise -simplifycfg -dce -loop-delete -reassociate -globalopt -global-privatize -mem2reg -dce -global-constprop -pointer-simplify -constprop -dce -func-inst -deadargelim -auto-shift-reg-idiom -promote-dbg-pointer -norm-name C:/FPGA_PROJECTS/hls/axiVideoStream2AxiStream/solution1/.autopilot/db/a.g.0.bc -o C:/FPGA_PROJECTS/hls/axiVideoStream2AxiStream/solution1/.autopilot/db/a.g.1.bc -f -phase std-opt 
INFO: [HLS 200-111] Finished Standard Transforms Time (s): cpu = 00:00:00 ; elapsed = 00:00:10 . Memory (MB): peak = 104.602 ; gain = 19.336
INFO: [HLS 200-10] Checking synthesizability ...
INFO-FLOW: Checking Synthesizability 1/2..
Execute         transform -hls -syn-check -check-rec-only -disaggr -scalarrepl -norm-name -dce -mem2reg -instcombine -function-uniquify -directive-preproc -mem2reg -dse -dce -auto-rom-infer -dce -pag -array-normalize -instcombine -dce -warn-fifo-pointer -array-seg-normalize -instcombine -dce -array-flatten -instcombine -dce -array-burst -dce -deadargelim -promote-global-argument -simplifycfg -mem2reg -globaldce -resolve-double-ptr -dce -deadargelim -dce -instcombine -function-inline -globaldce -dce -doublePtrSimplify -doublePtrElim -dce -doublePtrSimplify -promote-dbg-pointer -dce -scalarrepl -dse -adse -instcombine -ptrLegalization -simplifycfg -dce -instcombine -pointer-simplify -ptrArgReplace -dce -instcombine -disaggr -scalarrepl -norm-name -dce -mem2reg -instcombine -ptrLegalization -simplifycfg -deadargelim -instcombine -dce -inst-simplify -function-uniquify -directive-preproc -mem2reg -dse -dce -globaldce -check-dspbuiltin C:/FPGA_PROJECTS/hls/axiVideoStream2AxiStream/solution1/.autopilot/db/a.g.1.bc -o C:/FPGA_PROJECTS/hls/axiVideoStream2AxiStream/solution1/.autopilot/db/a.g.2.prechk.bc -f 
INFO-FLOW: Checking Synthesizability 2/2..
Execute         transform -syn-check C:/FPGA_PROJECTS/hls/axiVideoStream2AxiStream/solution1/.autopilot/db/a.g.2.prechk.bc -o C:/FPGA_PROJECTS/hls/axiVideoStream2AxiStream/solution1/.autopilot/db/a.g.2.bc -f -phase syn-check 
INFO: [HLS 200-111] Finished Checking Synthesizability Time (s): cpu = 00:00:00 ; elapsed = 00:00:10 . Memory (MB): peak = 105.664 ; gain = 20.398
INFO-FLOW: Compiler optimizing ...
INFO-FLOW: Share syncheck's 1.bc for syn flow: copy C:/FPGA_PROJECTS/hls/axiVideoStream2AxiStream/solution1/.autopilot/db/a.g.1.bc to C:/FPGA_PROJECTS/hls/axiVideoStream2AxiStream/solution1/.autopilot/db/a.o.1.bc
INFO-FLOW: Presyn 1...
Execute         transform -hls -tmp C:/FPGA_PROJECTS/hls/axiVideoStream2AxiStream/solution1/.autopilot/db -interface-port-rename -type-info -function-uniquify -directive-preproc -mem2reg -dse -dce -disaggr -scalarrepl -norm-name -deadargelim -mem2reg -instcombine -dce -simplifycfg -auto-rom-infer -dce -function-uniquify -resource-proc -simplifycfg -mem2reg -globaldce -resolve-double-ptr -dce -deadargelim -dce -instcombine -clib-intrinsic-prepare -dce -func-buffer -dce -pag -array-normalize -func-legal -instcombine -gvn -constprop -dce -ptrArgReplace -mem2reg -instcombine -dce -array-seg-normalize -deadargelim -instcombine -dce -pointer-simplify -dce -port-alignment -dce -interface-preproc -data-pack -instcombine -dce -basicaa -aggr-aa -aggrmodref-aa -aggr-aa -gvn -gvn -basicaa -aggr-aa -aggrmodref-aa -aggr-aa -dse -adse -adce -loop-simplify -indvars -instcombine -gvn -loop-simplify -mem2reg -dce -find-region -instcombine -auto-loop-pipeline -inst-simplify -interface-preproc -cfgopt -instcombine -indvars -auto-loop-unroll -loop-simplify -loop-bound -xunroll -constprop -instcombine -simplifycfg -indvars -simplifycfg -dce -globaldce -clean-region -attach-range -gvn -inst-simplify -constprop -simplifycfg -dce -pointer-simplify -dce -globalopt -constprop -dce -array-promote -constprop -instcombine -dce -ptrArgReplace -mem2reg -instcombine -simplifycfg -dce -auto-par -instcombine -dce -array-transform-check -array-reshape -instcombine -simplifycfg -dce -ptrArgReplace -deadargelim -mem2reg -instcombine -simplifycfg -dce -indvars -loop-simplify -loop-bound -xunroll -constprop -instcombine -simplifycfg -indvars -simplifycfg -dce -globaldce -basicaa -aggr-aa -aggrmodref-aa -aggr-aa -dse -duplicate-dataflow-processes -globaldce -instcombine -array-partition -instcombine -simplifycfg -dce -ptrArgReplace -global-constprop -deadargelim -mem2reg -func-legal -instcombine -dce -global-constprop -deadargelim -mem2reg -instcombine -simplifycfg -dce -merge-param -deadargelim -globalopt -constprop -dce -array-promote -constprop -instcombine -dce -ptrArgReplace -mem2reg -instcombine -simplifycfg -dce -mem-intrinsic-preproc -dce -global-internalize -global-privatize -mem2reg -globaldce -promote-global-argument -ptrArgReplace -mem2reg -instcombine -dce -globalopt -mergereturn -simplify-global-access -mem2reg -dce -pointer-simplify -dce -functionattrs -basicaa -aggr-aa -aggrmodref-aa -aggr-aa -gvn -gvn -basicaa -aggr-aa -aggrmodref-aa -aggr-aa -dse -adse -adce -inst-simplify -dce -norm-name -function-inline -globaldce -func-inst -constprop -instcombine -simplifycfg -dce -func-legal -dce -loop-bound -arraycheck -bitwidthmin -on-by-dataflow -loop-delete -instcombine -simplifycfg -globaldce -dce -gvn -deadargelim -dce -loop-simplify -clean-region -simplifycfg -propagate-stable-arguments -loop-stream -instcombine -simplifycfg -dce -globaldce -duplicate-dataflow-processes -stream-intrinsic-preproc -dce -check-ap-stream -loop-simplify -eliminate-keepreads -extract-dataflow-in-loop -loop-simplify -dce -gvn -deadargelim -dse -check-dataflow-syntax -legalize-stream-variable -legalize-global -extract-subproc -dce -dead-channel-elimination -canonicalize-gep -globaldce -dce -gvn -deadargelim -annotate-dataflow-channels -scalar-propagation -deadargelim -globaldce -mem2reg -check-dataflow-channels -function-stream -dce -globaldce -prop-fifo-spec -internal-stream-gen -canonicalize-gep -globaldce -dce -gvn -deadargelim -mergereturn -indvars -loop-simplify -instcombine -array-stream -array-seg-normalize -array-partition -func-legal -instcombine -simplifycfg -dce -bundle-memfifo-ops -deadargelim -function-uniquify -directive-preproc -mem2reg -dse -dce -group-axi-access -licm -simplifycfg -dce -loop-delete -norm-name C:/FPGA_PROJECTS/hls/axiVideoStream2AxiStream/solution1/.autopilot/db/a.o.1.bc -o C:/FPGA_PROJECTS/hls/axiVideoStream2AxiStream/solution1/.autopilot/db/a.o.1.tmp.bc -f 
Command         transform done; 0.159 sec.
INFO-FLOW: Presyn 2...
Execute         transform -hls -keep-callgraph -scalarrepl -mem2reg -port-alignment -attach-range -dce -pipe-mux-gen -indvars -loop-bound -inst-simplify -instcombine -dce -merge-array-access -mem2reg -dce -clean-region -mergereturn -if-conv -instcombine -dce -constprop -basicaa -aggr-aa -aggrmodref-aa -aggr-aa -gvn -gvn -basicaa -aggr-aa -aggrmodref-aa -aggr-aa -dse -adse -adce -scalarrepl -mem2reg -global-constprop -deadargelim -deadargelim -instcombine -dce -simplifycfg -ptrArgReplace -mem2reg -function-inline -globaldce -mem2reg -instcombine -dce -expr-balance -instcombine -dce -bitwidthmin -interface-preproc -directive-preproc -inst-rectify -instcombine -dce -functionattrs -constprop -instcombine -bit-constprop -simplify-global-access -globalopt -globaldce -inst-simplify -instcombine -elimdeaddata -dce -loop-delete -simplifycfg -loop-simplify -auto-burst -norm-name C:/FPGA_PROJECTS/hls/axiVideoStream2AxiStream/solution1/.autopilot/db/a.o.1.tmp.bc -o C:/FPGA_PROJECTS/hls/axiVideoStream2AxiStream/solution1/.autopilot/db/a.o.2.bc -f -phase presyn 
INFO: [HLS 200-111] Finished Pre-synthesis Time (s): cpu = 00:00:01 ; elapsed = 00:00:11 . Memory (MB): peak = 128.461 ; gain = 43.195
INFO-FLOW: Building ssdm...
Execute         transform -hls -function-uniquify -auto-function-inline -globaldce -ptrArgReplace -mem2reg -instcombine -dce -reset-lda -loop-simplify -indvars -licm -loop-dep -loop-bound -licm -loop-simplify -flattenloopnest -array-flatten -gvn -instcombine -dce -array-map -dce -func-legal -gvn -adce -instcombine -cfgopt -simplifycfg -loop-simplify -array-burst -promote-global-argument -dce -axi4-lower -array-seg-normalize -basicaa -aggrmodref-aa -globalsmodref-aa -aggr-aa -gvn -gvn -basicaa -aggrmodref-aa -globalsmodref-aa -aggr-aa -dse -adse -adce -licm -inst-simplify -dce -globaldce -instcombine -array-stream -eliminate-keepreads -instcombine -dce -deadargelim -doublePtrSimplify -doublePtrElim -dce -doublePtrSimplify -promote-dbg-pointer -dce -scalarrepl -mem2reg -disaggr -norm-name -mem2reg -instcombine -dse -adse -adce -ptrLegalization -dce -auto-rom-infer -array-flatten -dce -instcombine -check-doubleptr -loop-rot -constprop -cfgopt -simplifycfg -loop-simplify -indvars -pointer-simplify -dce -loop-bound -loop-simplify -loop-preproc -constprop -global-constprop -gvn -mem2reg -instcombine -dce -loop-bound -loop-merge -dce -bitwidthmin -deadargelim -dce -canonicalize-dataflow -dce -scalar-propagation -deadargelim -globaldce -mem2reg -read-loop-dep -interface-preproc -directive-preproc -interface-gen -bram-byte-enable -deadargelim -inst-simplify -dce -gvn -mem2reg -instcombine -dce -adse -loop-bound -instcombine -cfgopt -simplifycfg -loop-simplify -clean-region -io-protocol -find-region -mem2reg -bitop-raise -inst-simplify -inst-rectify -instcombine -adce -deadargelim -loop-simplify -phi-opt -bitop-raise -cfgopt -simplifycfg -strip-dead-prototypes -interface-lower -bitop-lower -intrinsic-lower -auto-function-inline -basicaa -aggrmodref-aa -globalsmodref-aa -aggr-aa -inst-simplify -simplifycfg -loop-simplify -mergereturn -inst-simplify -inst-rectify -dce -load-elim -bitop-lower -loop-rewind -pointer-simplify -dce -cfgopt -dce -bitwidth -loop-bound -loop-dep -read-loop-dep -dce -check-stream -norm-name -legalize -validate-dataflow -inst-clarity -cdfg-build C:/FPGA_PROJECTS/hls/axiVideoStream2AxiStream/solution1/.autopilot/db/a.o.2.bc -o C:/FPGA_PROJECTS/hls/axiVideoStream2AxiStream/solution1/.autopilot/db/a.o.3.bc -f -phase build-ssdm 
Command         transform done; 0.117 sec.
INFO: [HLS 200-111] Finished Architecture Synthesis Time (s): cpu = 00:00:01 ; elapsed = 00:00:11 . Memory (MB): peak = 128.461 ; gain = 43.195
INFO-FLOW: Finish building internal data model.
Command       opt_and_import_c done; 1.034 sec.
Command     elaborate done; 9.559 sec.
Execute     autosyn -from_csynth_design=1 
INFO: [HLS 200-10] Starting hardware synthesis ...
INFO-FLOW: Synthesizing C/C++ design ...
INFO: [HLS 200-10] Synthesizing 'axiVideoStream2AxiStream' ...
Execute       ap_set_top_model axiVideoStream2AxiStream 
Execute       get_model_list axiVideoStream2AxiStream -filter all-wo-channel -topdown 
Execute       preproc_iomode -model axiVideoStream2AxiStream 
Execute       get_model_list axiVideoStream2AxiStream -filter all-wo-channel 
INFO-FLOW: Model list for configure: axiVideoStream2AxiStream
INFO-FLOW: Configuring Module : axiVideoStream2AxiStream ...
Execute       set_default_model axiVideoStream2AxiStream 
Execute       apply_spec_resource_limit axiVideoStream2AxiStream 
INFO-FLOW: Model list for preprocess: axiVideoStream2AxiStream
INFO-FLOW: Preprocessing Module: axiVideoStream2AxiStream ...
Execute       set_default_model axiVideoStream2AxiStream 
Execute       cdfg_preprocess -model axiVideoStream2AxiStream 
Execute       rtl_gen_preprocess axiVideoStream2AxiStream 
INFO-FLOW: Model list for synthesis: axiVideoStream2AxiStream
INFO: [HLS 200-10] ----------------------------------------------------------------
INFO: [HLS 200-42] -- Implementing module 'axiVideoStream2AxiStream' 
INFO: [HLS 200-10] ----------------------------------------------------------------
Execute       set_default_model axiVideoStream2AxiStream 
Execute       schedule -model axiVideoStream2AxiStream 
INFO: [SCHED 204-11] Starting scheduling ...
INFO: [SCHED 204-11] Finished scheduling.
INFO: [HLS 200-111]  Elapsed time: 10.879 seconds; current allocated memory: 78.846 MB.
Execute       report -o C:/FPGA_PROJECTS/hls/axiVideoStream2AxiStream/solution1/.autopilot/db/axiVideoStream2AxiStream.verbose.sched.rpt -verbose -f 
Execute       db_write -o C:/FPGA_PROJECTS/hls/axiVideoStream2AxiStream/solution1/.autopilot/db/axiVideoStream2AxiStream.sched.adb -f 
INFO-FLOW: Finish scheduling axiVideoStream2AxiStream.
Execute       set_default_model axiVideoStream2AxiStream 
Execute       bind -model axiVideoStream2AxiStream 
BIND OPTION: fu_weight=[ 0.0 -- 1.0 ]
BIND OPTION: model=axiVideoStream2AxiStream
BIND OPTION: reg_weight=[ 0.0 -- 1.0 ]
INFO: [BIND 205-100] Starting micro-architecture generation ...
INFO: [BIND 205-101] Performing variable lifetime analysis.
INFO: [BIND 205-101] Exploring resource sharing.
INFO: [BIND 205-101] Binding ...
INFO: [BIND 205-100] Finished micro-architecture generation.
INFO: [HLS 200-111]  Elapsed time: 0.091 seconds; current allocated memory: 79.044 MB.
Execute       report -o C:/FPGA_PROJECTS/hls/axiVideoStream2AxiStream/solution1/.autopilot/db/axiVideoStream2AxiStream.verbose.bind.rpt -verbose -f 
Execute       db_write -o C:/FPGA_PROJECTS/hls/axiVideoStream2AxiStream/solution1/.autopilot/db/axiVideoStream2AxiStream.bind.adb -f 
INFO-FLOW: Finish binding axiVideoStream2AxiStream.
Execute       get_model_list axiVideoStream2AxiStream -filter all-wo-channel 
INFO-FLOW: Preprocessing for RTLGen ...
Execute       rtl_gen_preprocess axiVideoStream2AxiStream 
INFO-FLOW: Model list for RTL generation: axiVideoStream2AxiStream
INFO: [HLS 200-10] ----------------------------------------------------------------
INFO: [HLS 200-10] -- Generating RTL for module 'axiVideoStream2AxiStream' 
INFO: [HLS 200-10] ----------------------------------------------------------------
Execute       get_config_rtl -prefix 
Execute       get_config_rtl -auto_prefix 
Execute       create_rtl_model axiVideoStream2AxiStream -vendor xilinx -mg_file C:/FPGA_PROJECTS/hls/axiVideoStream2AxiStream/solution1/.autopilot/db/axiVideoStream2AxiStream.compgen.tcl 
INFO: [RTGEN 206-500] Setting interface mode on port 'axiVideoStream2AxiStream/INPUT_STREAM_V_data_V' to 'axis' (register, both mode).
INFO: [RTGEN 206-500] Setting interface mode on port 'axiVideoStream2AxiStream/INPUT_STREAM_V_keep_V' to 'axis' (register, both mode).
INFO: [RTGEN 206-500] Setting interface mode on port 'axiVideoStream2AxiStream/INPUT_STREAM_V_strb_V' to 'axis' (register, both mode).
INFO: [RTGEN 206-500] Setting interface mode on port 'axiVideoStream2AxiStream/INPUT_STREAM_V_user_V' to 'axis' (register, both mode).
INFO: [RTGEN 206-500] Setting interface mode on port 'axiVideoStream2AxiStream/INPUT_STREAM_V_last_V' to 'axis' (register, both mode).
INFO: [RTGEN 206-500] Setting interface mode on port 'axiVideoStream2AxiStream/INPUT_STREAM_V_id_V' to 'axis' (register, both mode).
INFO: [RTGEN 206-500] Setting interface mode on port 'axiVideoStream2AxiStream/INPUT_STREAM_V_dest_V' to 'axis' (register, both mode).
INFO: [RTGEN 206-500] Setting interface mode on port 'axiVideoStream2AxiStream/OUTPUT_STREAM_V_data_V' to 'axis' (register, both mode).
INFO: [RTGEN 206-500] Setting interface mode on port 'axiVideoStream2AxiStream/OUTPUT_STREAM_V_keep_V' to 'axis' (register, both mode).
INFO: [RTGEN 206-500] Setting interface mode on port 'axiVideoStream2AxiStream/OUTPUT_STREAM_V_strb_V' to 'axis' (register, both mode).
INFO: [RTGEN 206-500] Setting interface mode on port 'axiVideoStream2AxiStream/OUTPUT_STREAM_V_user_V' to 'axis' (register, both mode).
INFO: [RTGEN 206-500] Setting interface mode on port 'axiVideoStream2AxiStream/OUTPUT_STREAM_V_last_V' to 'axis' (register, both mode).
INFO: [RTGEN 206-500] Setting interface mode on port 'axiVideoStream2AxiStream/OUTPUT_STREAM_V_id_V' to 'axis' (register, both mode).
INFO: [RTGEN 206-500] Setting interface mode on port 'axiVideoStream2AxiStream/OUTPUT_STREAM_V_dest_V' to 'axis' (register, both mode).
INFO: [RTGEN 206-500] Setting interface mode on function 'axiVideoStream2AxiStream' to 'ap_ctrl_hs'.
WARNING: [RTGEN 206-101] Register 'width_count' is power-on initialization.
WARNING: [RTGEN 206-101] Register 'height_count' is power-on initialization.
INFO: [RTGEN 206-100] Finished creating RTL model for 'axiVideoStream2AxiStream'.
Command       create_rtl_model done; 0.148 sec.
INFO: [HLS 200-111]  Elapsed time: 0.247 seconds; current allocated memory: 80.192 MB.
Execute       source C:/FPGA_PROJECTS/hls/axiVideoStream2AxiStream/solution1/.autopilot/db/axiVideoStream2AxiStream.rtl_wrap.cfg.tcl 
Execute       gen_rtl axiVideoStream2AxiStream -istop -style xilinx -tracefl mytrace -tracefmt vcd -traceopt all -f -lang sc -o C:/FPGA_PROJECTS/hls/axiVideoStream2AxiStream/solution1/syn/systemc/axiVideoStream2AxiStream -synmodules axiVideoStream2AxiStream 
Execute       gen_rtl axiVideoStream2AxiStream -istop -style xilinx -f -lang vhdl -o C:/FPGA_PROJECTS/hls/axiVideoStream2AxiStream/solution1/syn/vhdl/axiVideoStream2AxiStream 
Execute       gen_rtl axiVideoStream2AxiStream -istop -style xilinx -f -lang vlog -o C:/FPGA_PROJECTS/hls/axiVideoStream2AxiStream/solution1/syn/verilog/axiVideoStream2AxiStream 
Execute       export_constraint_db -o C:/FPGA_PROJECTS/hls/axiVideoStream2AxiStream/solution1/.autopilot/db/axiVideoStream2AxiStream.constraint.tcl -f -tool general 
Execute       report -model axiVideoStream2AxiStream -o C:/FPGA_PROJECTS/hls/axiVideoStream2AxiStream/solution1/.autopilot/db/axiVideoStream2AxiStream.design.xml -verbose -f -dv 
Execute       report -model axiVideoStream2AxiStream -o C:/FPGA_PROJECTS/hls/axiVideoStream2AxiStream/solution1/.autopilot/db/axiVideoStream2AxiStream.sdaccel.xml -verbose -f -sdaccel 
Command       report done; 0.111 sec.
Execute       gen_tb_info axiVideoStream2AxiStream -o C:/FPGA_PROJECTS/hls/axiVideoStream2AxiStream/solution1/.autopilot/db/axiVideoStream2AxiStream -p C:/FPGA_PROJECTS/hls/axiVideoStream2AxiStream/solution1/.autopilot/db 
Execute       report -model axiVideoStream2AxiStream -o C:/FPGA_PROJECTS/hls/axiVideoStream2AxiStream/solution1/syn/report/axiVideoStream2AxiStream_csynth.rpt -f 
Execute       report -model axiVideoStream2AxiStream -o C:/FPGA_PROJECTS/hls/axiVideoStream2AxiStream/solution1/syn/report/axiVideoStream2AxiStream_csynth.xml -f -x 
Execute       report -model axiVideoStream2AxiStream -o C:/FPGA_PROJECTS/hls/axiVideoStream2AxiStream/solution1/.autopilot/db/axiVideoStream2AxiStream.verbose.rpt -verbose -f 
Execute       db_write -model axiVideoStream2AxiStream -o C:/FPGA_PROJECTS/hls/axiVideoStream2AxiStream/solution1/.autopilot/db/axiVideoStream2AxiStream.adb -f 
Execute       sc_get_clocks axiVideoStream2AxiStream 
Execute       get_config_export -vivado_clock 
Execute       sc_get_portdomain axiVideoStream2AxiStream 
INFO-FLOW: Model list for RTL component generation: axiVideoStream2AxiStream
INFO-FLOW: Handling components in module [axiVideoStream2AxiStream] ... 
Execute       source C:/FPGA_PROJECTS/hls/axiVideoStream2AxiStream/solution1/.autopilot/db/axiVideoStream2AxiStream.compgen.tcl 
INFO-FLOW: Append model axiVideoStream2AxiStream
INFO-FLOW: Generating RTL model list ...
INFO-FLOW: All models in this session: axiVideoStream2AxiStream
INFO-FLOW: To file: write model axiVideoStream2AxiStream
INFO-FLOW: Finished generating RTL model list.


INFO-FLOW: RTL Generation done.
INFO-FLOW: CAS Generation done.
INFO-FLOW: CBC Generation done.
INFO-FLOW: DBG:CMD: auto_generate_csynth_design
INFO-FLOW: DBG:CMD:     auto_generate --sim-model -phase csynth_design -d C:/FPGA_PROJECTS/hls/axiVideoStream2AxiStream/solution1
Execute       source C:/FPGA_PROJECTS/hls/axiVideoStream2AxiStream/solution1/.autopilot/db/global.setting.tcl 
INFO-FLOW: DBG:CMD: read_platform_lib C:/FPGA_PROJECTS/hls/axiVideoStream2AxiStream/solution1/.autopilot/db/global.setting.tcl
Execute       source C:/Xilinx/Vivado/2018.3/common/technology/generic/autopilot/common.gen 
Execute         source C:/Xilinx/Vivado/2018.3/common/technology/generic/autopilot/APCoreGen.gen 
Execute       source C:/Xilinx/Vivado/2018.3/common/technology/generic/autopilot/op.gen 
Execute       source C:/Xilinx/Vivado/2018.3/common/technology/generic/autopilot/op_simcore.gen 
Execute       source C:/Xilinx/Vivado/2018.3/common/technology/generic/autopilot/interface.gen 
Execute       source C:/FPGA_PROJECTS/hls/axiVideoStream2AxiStream/solution1/.autopilot/db/global.setting.tcl 
Execute       source C:/Xilinx/Vivado/2018.3/common/technology/xilinx/zynq/zynq.gen 
Execute         source C:/Xilinx/Vivado/2018.3/common/technology/xilinx/common/virtex.gen 
Execute           source C:/Xilinx/Vivado/2018.3/common/technology/xilinx/common/xilinx.gen 
Execute             source C:/Xilinx/Vivado/2018.3/common/technology/xilinx/interface/plb46.gen 
Execute             source C:/Xilinx/Vivado/2018.3/common/technology/xilinx/interface/fsl.gen 
Execute             source C:/Xilinx/Vivado/2018.3/common/technology/xilinx/interface/axi4.gen 
Execute             source C:/Xilinx/Vivado/2018.3/common/technology/xilinx/interface/nativeAXI4.gen 
Execute               source C:/Xilinx/Vivado/2018.3/common/technology/xilinx/interface/saxilite.gen 
Execute               source C:/Xilinx/Vivado/2018.3/common/technology/xilinx/interface/maxi.gen 
Execute             source C:/Xilinx/Vivado/2018.3/common/technology/xilinx/scripts/xilinxcoregen.gen 
Execute             source C:/Xilinx/Vivado/2018.3/common/technology/xilinx/interface/XilEDKCoreGen.gen 
Execute             source C:/Xilinx/Vivado/2018.3/common/technology/xilinx/ip/dds_compiler.gen 
Execute             source C:/Xilinx/Vivado/2018.3/common/technology/xilinx/ip/util.gen 
Execute             source C:/Xilinx/Vivado/2018.3/common/technology/xilinx/ip/xfft.gen 
Execute             source C:/Xilinx/Vivado/2018.3/common/technology/xilinx/ip/xfir.gen 
Command           ap_source done; 0.144 sec.
Execute           source C:/Xilinx/Vivado/2018.3/common/technology/xilinx/common/dsp48.gen 
Command         ap_source done; 0.147 sec.
Command       ap_source done; 0.147 sec.
Execute       source C:/Xilinx/Vivado/2018.3/common/technology/xilinx/zynq/zynq_fpv6.gen 
Execute         source C:/Xilinx/Vivado/2018.3/common/technology/xilinx/common/xilinx_fpv6.gen 
INFO-FLOW: DBG:CMD:   using AESL_AUTOCG::g_clock_period=20.000 (was NA)
INFO-FLOW: DBG:CMD:       generate_ip_cores sim=1 export=0 expOnly=0 dstVlogDir=syn/verilog
Execute       source C:/FPGA_PROJECTS/hls/axiVideoStream2AxiStream/solution1/.autopilot/db/global.setting.tcl 
Execute       source C:/FPGA_PROJECTS/hls/axiVideoStream2AxiStream/solution1/.autopilot/db/global.setting.tcl 
Execute       source C:/FPGA_PROJECTS/hls/axiVideoStream2AxiStream/solution1/.autopilot/db/global.setting.tcl 
Execute       source C:/FPGA_PROJECTS/hls/axiVideoStream2AxiStream/solution1/.autopilot/db/axiVideoStream2AxiStream.compgen.tcl 
INFO-FLOW: DBG:CMD:     auto_generate -export -impltomg_flag -rtl both -tool Vivado -pcore_version 1.00.a -phase csynth_design -d C:/FPGA_PROJECTS/hls/axiVideoStream2AxiStream/solution1
Execute       source C:/FPGA_PROJECTS/hls/axiVideoStream2AxiStream/solution1/.autopilot/db/global.setting.tcl 
INFO-FLOW: DBG:CMD: read_platform_lib C:/FPGA_PROJECTS/hls/axiVideoStream2AxiStream/solution1/.autopilot/db/global.setting.tcl
Execute       source C:/Xilinx/Vivado/2018.3/common/technology/generic/autopilot/common.gen 
Execute         source C:/Xilinx/Vivado/2018.3/common/technology/generic/autopilot/APCoreGen.gen 
Execute       source C:/Xilinx/Vivado/2018.3/common/technology/generic/autopilot/op.gen 
Execute       source C:/Xilinx/Vivado/2018.3/common/technology/generic/autopilot/op_simcore.gen 
Execute       source C:/Xilinx/Vivado/2018.3/common/technology/generic/autopilot/interface.gen 
Execute       source C:/FPGA_PROJECTS/hls/axiVideoStream2AxiStream/solution1/.autopilot/db/global.setting.tcl 
Execute       source C:/Xilinx/Vivado/2018.3/common/technology/xilinx/zynq/zynq.gen 
Execute         source C:/Xilinx/Vivado/2018.3/common/technology/xilinx/common/virtex.gen 
Execute           source C:/Xilinx/Vivado/2018.3/common/technology/xilinx/common/xilinx.gen 
Execute             source C:/Xilinx/Vivado/2018.3/common/technology/xilinx/interface/plb46.gen 
Execute             source C:/Xilinx/Vivado/2018.3/common/technology/xilinx/interface/fsl.gen 
Execute             source C:/Xilinx/Vivado/2018.3/common/technology/xilinx/interface/axi4.gen 
Execute             source C:/Xilinx/Vivado/2018.3/common/technology/xilinx/interface/nativeAXI4.gen 
Execute               source C:/Xilinx/Vivado/2018.3/common/technology/xilinx/interface/saxilite.gen 
Execute               source C:/Xilinx/Vivado/2018.3/common/technology/xilinx/interface/maxi.gen 
Execute             source C:/Xilinx/Vivado/2018.3/common/technology/xilinx/scripts/xilinxcoregen.gen 
Execute             source C:/Xilinx/Vivado/2018.3/common/technology/xilinx/interface/XilEDKCoreGen.gen 
Execute             source C:/Xilinx/Vivado/2018.3/common/technology/xilinx/ip/dds_compiler.gen 
Execute             source C:/Xilinx/Vivado/2018.3/common/technology/xilinx/ip/util.gen 
Execute             source C:/Xilinx/Vivado/2018.3/common/technology/xilinx/ip/xfft.gen 
Execute             source C:/Xilinx/Vivado/2018.3/common/technology/xilinx/ip/xfir.gen 
Command           ap_source done; 0.146 sec.
Execute           source C:/Xilinx/Vivado/2018.3/common/technology/xilinx/common/dsp48.gen 
Command         ap_source done; 0.148 sec.
Command       ap_source done; 0.149 sec.
Execute       source C:/Xilinx/Vivado/2018.3/common/technology/xilinx/zynq/zynq_fpv6.gen 
Execute         source C:/Xilinx/Vivado/2018.3/common/technology/xilinx/common/xilinx_fpv6.gen 
INFO-FLOW: DBG:CMD:       initCTypeInfo top_module=axiVideoStream2AxiStream xml_exists=0
Execute       source C:/FPGA_PROJECTS/hls/axiVideoStream2AxiStream/solution1/.autopilot/db/axiVideoStream2AxiStream.rtl_wrap.cfg.tcl 
Execute       source C:/FPGA_PROJECTS/hls/axiVideoStream2AxiStream/solution1/.autopilot/db/axiVideoStream2AxiStream.rtl_wrap.cfg.tcl 
Execute       source C:/FPGA_PROJECTS/hls/axiVideoStream2AxiStream/solution1/.autopilot/db/axiVideoStream2AxiStream.rtl_wrap.cfg.tcl 
Execute       source C:/FPGA_PROJECTS/hls/axiVideoStream2AxiStream/solution1/.autopilot/db/axiVideoStream2AxiStream.tbgen.tcl 
Execute       source C:/FPGA_PROJECTS/hls/axiVideoStream2AxiStream/solution1/.autopilot/db/axiVideoStream2AxiStream.tbgen.tcl 
INFO-FLOW: DBG:CMD:       export_impl_rtl
INFO-FLOW: DBG:CMD:       generate_ip_cores sim=0 export=0 expOnly=0 dstVlogDir=impl/.verilog
Execute       source C:/FPGA_PROJECTS/hls/axiVideoStream2AxiStream/solution1/.autopilot/db/global.setting.tcl 
Execute       source C:/FPGA_PROJECTS/hls/axiVideoStream2AxiStream/solution1/.autopilot/db/axiVideoStream2AxiStream.compgen.tcl 
INFO-FLOW: DBG:CMD:       generate_ip_cores sim=0 export=1 expOnly=1 dstVlogDir=impl/.pcores/verilog
Execute       source C:/FPGA_PROJECTS/hls/axiVideoStream2AxiStream/solution1/.autopilot/db/global.setting.tcl 
Execute       source C:/FPGA_PROJECTS/hls/axiVideoStream2AxiStream/solution1/.autopilot/db/axiVideoStream2AxiStream.compgen.tcl 
INFO-FLOW: DBG:CMD:       generate_ip_cores sim=0 export=0 expOnly=0 dstVlogDir=impl/.pcores/verilog_sim
Execute       source C:/FPGA_PROJECTS/hls/axiVideoStream2AxiStream/solution1/.autopilot/db/global.setting.tcl 
Execute       source C:/FPGA_PROJECTS/hls/axiVideoStream2AxiStream/solution1/.autopilot/db/axiVideoStream2AxiStream.compgen.tcl 
Execute       source C:/FPGA_PROJECTS/hls/axiVideoStream2AxiStream/solution1/.autopilot/db/global.setting.tcl 
Execute       source C:/FPGA_PROJECTS/hls/axiVideoStream2AxiStream/solution1/.autopilot/db/axiVideoStream2AxiStream.constraint.tcl 
Execute       source C:/FPGA_PROJECTS/hls/axiVideoStream2AxiStream/solution1/.autopilot/db/axiVideoStream2AxiStream.tbgen.tcl 
INFO-FLOW: DBG:CMD:       hasPcoreIpAdapter=false #gSsdmPorts=30
INFO-FLOW: DBG:CMD: Skipping loadAnalyze_DB, #g_database=14
INFO-FLOW: DBG:CMD:       generate_json is_phase_csynth=1 g_has_adaptors=false generate_bd_files=1 #modelList=1 #gSsdmPorts=30
Execute       source C:/FPGA_PROJECTS/hls/axiVideoStream2AxiStream/solution1/.autopilot/db/global.setting.tcl 
Execute       source C:/FPGA_PROJECTS/hls/axiVideoStream2AxiStream/solution1/.autopilot/db/global.setting.tcl 
Execute       source C:/FPGA_PROJECTS/hls/axiVideoStream2AxiStream/solution1/.autopilot/db/axiVideoStream2AxiStream.tbgen.tcl 
Execute       source C:/FPGA_PROJECTS/hls/axiVideoStream2AxiStream/solution1/.autopilot/db/axiVideoStream2AxiStream.tbgen.tcl 
Execute       source C:/FPGA_PROJECTS/hls/axiVideoStream2AxiStream/solution1/.autopilot/db/axiVideoStream2AxiStream.tbgen.tcl 
Execute       source C:/FPGA_PROJECTS/hls/axiVideoStream2AxiStream/solution1/.autopilot/db/axiVideoStream2AxiStream.tbgen.tcl 
Execute       source C:/FPGA_PROJECTS/hls/axiVideoStream2AxiStream/solution1/.autopilot/db/axiVideoStream2AxiStream.tbgen.tcl 
Execute       source C:/FPGA_PROJECTS/hls/axiVideoStream2AxiStream/solution1/.autopilot/db/axiVideoStream2AxiStream.tbgen.tcl 
Execute       source C:/FPGA_PROJECTS/hls/axiVideoStream2AxiStream/solution1/.autopilot/db/axiVideoStream2AxiStream.tbgen.tcl 
Execute       source C:/FPGA_PROJECTS/hls/axiVideoStream2AxiStream/solution1/.autopilot/db/axiVideoStream2AxiStream.tbgen.tcl 
Execute       source C:/FPGA_PROJECTS/hls/axiVideoStream2AxiStream/solution1/.autopilot/db/global.setting.tcl 
Execute       get_config_sdx -target 
Execute       get_config_export -xo 
Execute       source C:/FPGA_PROJECTS/hls/axiVideoStream2AxiStream/solution1/.autopilot/db/global.setting.tcl 
Execute       source C:/FPGA_PROJECTS/hls/axiVideoStream2AxiStream/solution1/.autopilot/db/axiVideoStream2AxiStream.constraint.tcl 
Execute       sc_get_clocks axiVideoStream2AxiStream 
Execute       source C:/FPGA_PROJECTS/hls/axiVideoStream2AxiStream/solution1/.autopilot/db/global.setting.tcl 
Execute       get_config_sdx -target 
Execute       get_config_sdx -profile 
Execute       ::config_rtl 
INFO-FLOW: DBG:CMD: add_json_sdx_info kernel file does not exist: C:/FPGA_PROJECTS/hls/axiVideoStream2AxiStream/solution1/.autopilot/db/kernel.internal.xml
INFO-FLOW: DBG:CMD:       delete-temp-dirs (skipped for debug)
INFO: [HLS 200-111] Finished generating all RTL models Time (s): cpu = 00:00:02 ; elapsed = 00:00:13 . Memory (MB): peak = 128.898 ; gain = 43.633
INFO: [SYSC 207-301] Generating SystemC RTL for axiVideoStream2AxiStream.
INFO: [VHDL 208-304] Generating VHDL RTL for axiVideoStream2AxiStream.
INFO: [VLOG 209-307] Generating Verilog RTL for axiVideoStream2AxiStream.
Command     autosyn done; 2.018 sec.
Execute     get_part 
Execute     get_config_export -sdx_tcl 
Command   csynth_design done; 11.603 sec.
Command ap_source done; 12.034 sec.
Execute cleanup_all 
INFO-FLOW: Workspace C:/FPGA_PROJECTS/hls/axiVideoStream2AxiStream/solution1 opened at Thu Sep 17 22:29:10 +0200 2020
Execute     config_clock -quiet -name default -period 20 -default=false 
INFO: [SYN 201-201] Setting up clock 'default' with a period of 20ns.
Execute     open_platform DefaultPlatform 
Execute     import_lib C:/Xilinx/Vivado/2018.3/common/technology/xilinx/zynq/zynq 
Execute       source C:/Xilinx/Vivado/2018.3/common/technology/xilinx/common/xilinx.lib 
Execute         source C:/Xilinx/Vivado/2018.3/common/technology/xilinx/interface/xilinx_interface.lib 
Execute           source C:/Xilinx/Vivado/2018.3/common/technology/xilinx/interface/plb46.lib 
Execute           source C:/Xilinx/Vivado/2018.3/common/technology/xilinx/interface/fsl.lib 
Execute           source C:/Xilinx/Vivado/2018.3/common/technology/xilinx/interface/axi4.lib 
Execute           source C:/Xilinx/Vivado/2018.3/common/technology/xilinx/interface/maxi.lib 
Execute           source C:/Xilinx/Vivado/2018.3/common/technology/xilinx/interface/saxilite.lib 
Execute         source C:/Xilinx/Vivado/2018.3/common/technology/xilinx/common/dsp48.lib 
Execute         source C:/Xilinx/Vivado/2018.3/common/technology/xilinx/ip/dds_compiler.lib 
Execute         source C:/Xilinx/Vivado/2018.3/common/technology/xilinx/ip/xfft.lib 
Execute         source C:/Xilinx/Vivado/2018.3/common/technology/xilinx/ip/xfir.lib 
Execute       source C:/Xilinx/Vivado/2018.3/common/technology/xilinx/common/xilinx_old.lib 
Execute       source C:/Xilinx/Vivado/2018.3/common/technology/xilinx/common/xilinx_vivado.lib 
Execute       source C:/Xilinx/Vivado/2018.3/common/technology/xilinx/common/xilinx.hlp 
Execute         source C:/Xilinx/Vivado/2018.3/common/technology/xilinx/common/target_info.tcl 
Execute         source C:/Xilinx/Vivado/2018.3/common/technology/xilinx/interface/xilinx_interface.hlp 
Execute           source C:/Xilinx/Vivado/2018.3/common/technology/xilinx/interface/maxi.hlp 
Execute           source C:/Xilinx/Vivado/2018.3/common/technology/xilinx/interface/saxilite.hlp 
Execute         source C:/Xilinx/Vivado/2018.3/common/technology/xilinx/common/dsp48.hlp 
Execute       source C:/Xilinx/Vivado/2018.3/common/technology/xilinx/zynq/dsp48e1.hlp 
Execute       get_default_platform 
Execute       config_chip_info -quiet -resource  {SLICE 13300}  {LUT 53200}     {FF 106400} {DSP48E 220}   {BRAM 280}  
Execute       config_chip_info -quiet -speed medium 
Execute       source C:/Xilinx/Vivado/2018.3/common/technology/xilinx/common/xilinx.hlp 
Execute         source C:/Xilinx/Vivado/2018.3/common/technology/xilinx/common/target_info.tcl 
Execute         source C:/Xilinx/Vivado/2018.3/common/technology/xilinx/interface/xilinx_interface.hlp 
Execute           source C:/Xilinx/Vivado/2018.3/common/technology/xilinx/interface/maxi.hlp 
Execute           source C:/Xilinx/Vivado/2018.3/common/technology/xilinx/interface/saxilite.hlp 
Execute         source C:/Xilinx/Vivado/2018.3/common/technology/xilinx/common/dsp48.hlp 
Execute     source C:/Xilinx/Vivado/2018.3/common/technology/xilinx/zynq/zynq.gen 
Execute       source C:/Xilinx/Vivado/2018.3/common/technology/xilinx/common/virtex.gen 
Execute         source C:/Xilinx/Vivado/2018.3/common/technology/xilinx/common/xilinx.gen 
Execute           source C:/Xilinx/Vivado/2018.3/common/technology/xilinx/interface/plb46.gen 
Execute           source C:/Xilinx/Vivado/2018.3/common/technology/xilinx/interface/fsl.gen 
Execute           source C:/Xilinx/Vivado/2018.3/common/technology/xilinx/interface/axi4.gen 
Execute           source C:/Xilinx/Vivado/2018.3/common/technology/xilinx/interface/nativeAXI4.gen 
Execute             source C:/Xilinx/Vivado/2018.3/common/technology/xilinx/interface/saxilite.gen 
Execute             source C:/Xilinx/Vivado/2018.3/common/technology/xilinx/interface/maxi.gen 
Execute           source C:/Xilinx/Vivado/2018.3/common/technology/xilinx/scripts/xilinxcoregen.gen 
Execute           source C:/Xilinx/Vivado/2018.3/common/technology/xilinx/interface/XilEDKCoreGen.gen 
Execute           source C:/Xilinx/Vivado/2018.3/common/technology/xilinx/ip/dds_compiler.gen 
Execute           source C:/Xilinx/Vivado/2018.3/common/technology/xilinx/ip/util.gen 
Execute           source C:/Xilinx/Vivado/2018.3/common/technology/xilinx/ip/xfft.gen 
Command           ap_source done; 0.108 sec.
Execute           source C:/Xilinx/Vivado/2018.3/common/technology/xilinx/ip/xfir.gen 
Command         ap_source done; 0.156 sec.
Execute         source C:/Xilinx/Vivado/2018.3/common/technology/xilinx/common/dsp48.gen 
Command       ap_source done; 0.16 sec.
Command     ap_source done; 0.16 sec.
Execute     open_platform DefaultPlatform 
Execute     import_lib C:/Xilinx/Vivado/2018.3/common/technology/xilinx/zynq/zynq_fpv6 
Execute       source C:/Xilinx/Vivado/2018.3/common/technology/xilinx/common/xilinx_fpv7.lib 
Execute         source C:/Xilinx/Vivado/2018.3/common/technology/xilinx/common/xilinx_hp.lib 
Execute       source C:/Xilinx/Vivado/2018.3/common/technology/xilinx/common/xilinx_fpv.hlp 
Execute         source C:/Xilinx/Vivado/2018.3/common/technology/xilinx/common/xilinx.hlp 
Execute           source C:/Xilinx/Vivado/2018.3/common/technology/xilinx/common/target_info.tcl 
Execute           source C:/Xilinx/Vivado/2018.3/common/technology/xilinx/interface/xilinx_interface.hlp 
Execute             source C:/Xilinx/Vivado/2018.3/common/technology/xilinx/interface/maxi.hlp 
Execute             source C:/Xilinx/Vivado/2018.3/common/technology/xilinx/interface/saxilite.hlp 
Execute           source C:/Xilinx/Vivado/2018.3/common/technology/xilinx/common/dsp48.hlp 
Execute       source C:/Xilinx/Vivado/2018.3/common/technology/xilinx/zynq/zynq_hp.hlp 
Execute     source C:/Xilinx/Vivado/2018.3/common/technology/xilinx/zynq/zynq_fpv6.gen 
Execute       source C:/Xilinx/Vivado/2018.3/common/technology/xilinx/common/xilinx_fpv6.gen 
Execute     set_part xc7z010clg400-1 
Execute       add_library xilinx/zynq/zynq:xc7z010:clg400:-1 
Execute         get_default_platform 
Execute         license_isbetapart xc7z010 
Command         license_isbetapart done; error code: 1; 
Execute         get_default_platform 
Execute         config_chip_info -quiet -resource  {SLICE 4400}   {LUT 17600}     {FF 35200}  {DSP48E 80}    {BRAM 120}  
Execute         config_chip_info -quiet -speed slow 
Execute       add_library xilinx/zynq/zynq_fpv6 
Execute         get_default_platform 
INFO: [HLS 200-10] Setting target device to 'xc7z010clg400-1'
Execute       get_default_platform 
Execute     get_default_platform 
Execute     config_chip_info -quiet -resource  {SLICE 4400}   {LUT 17600}     {FF 35200}  {DSP48E 80}    {BRAM 120}  
Execute     config_chip_info -quiet -speed slow 
Command   open_solution done; 0.311 sec.
Execute   export_design -rtl verilog -format ip_catalog -description axiVideoStream2AxiStream -vendor lorenzo_balducci -version 1.0 -display_name axiVideoStream2AxiStream 
Execute     get_config_export -acc 
Execute     get_config_export -clock_margin 
Execute     get_config_export -custom_script 
Execute     get_config_export -driver_input_dir 
Execute     get_config_export -ipname 
Execute     get_config_export -kernel_drc 
Execute     get_config_export -library 
Execute     get_config_export -qor_test 
Execute     get_config_export -sdaccel 
Execute     get_config_export -sim 
Execute     get_config_export -taxonomy 
Execute     get_config_export -use_ip 
Execute     get_config_export -use_netlist 
Execute     get_config_export -xo 
Execute     config_export -description=axiVideoStream2AxiStream -display_name=axiVideoStream2AxiStream -format=ip_catalog -rtl=verilog -vendor=lorenzo_balducci -version=1.0 
INFO-FLOW: DBG:CMD: export_design_wrap: -format ip_catalog -rtl verilog -vendor lorenzo_balducci -version 1.0 -description axiVideoStream2AxiStream -display_name axiVideoStream2AxiStream
Execute     source C:/FPGA_PROJECTS/hls/axiVideoStream2AxiStream/solution1/.autopilot/db/global.setting.tcl 
Execute     get_config_export -vivado_clock 
Execute     get_top 
Execute     get_config_sdx -target 
Execute     get_config_rtl -auto_prefix 
Execute     get_config_sdx -target 
INFO-FLOW: DBG:CMD:   auto_impl: pack: -export -tool vivado -rtl verilog -sdx-target none
Execute     source C:/FPGA_PROJECTS/hls/axiVideoStream2AxiStream/solution1/.autopilot/db/global.setting.tcl 
INFO-FLOW: DBG:CMD: read_platform_lib C:/FPGA_PROJECTS/hls/axiVideoStream2AxiStream/solution1/.autopilot/db/global.setting.tcl
Execute     source C:/Xilinx/Vivado/2018.3/common/technology/generic/autopilot/common.gen 
Execute       source C:/Xilinx/Vivado/2018.3/common/technology/generic/autopilot/APCoreGen.gen 
Execute     source C:/Xilinx/Vivado/2018.3/common/technology/generic/autopilot/op.gen 
Execute     source C:/Xilinx/Vivado/2018.3/common/technology/generic/autopilot/op_simcore.gen 
Execute     source C:/Xilinx/Vivado/2018.3/common/technology/generic/autopilot/interface.gen 
Execute     source C:/FPGA_PROJECTS/hls/axiVideoStream2AxiStream/solution1/.autopilot/db/global.setting.tcl 
Execute     source C:/Xilinx/Vivado/2018.3/common/technology/xilinx/zynq/zynq.gen 
Execute       source C:/Xilinx/Vivado/2018.3/common/technology/xilinx/common/virtex.gen 
Execute         source C:/Xilinx/Vivado/2018.3/common/technology/xilinx/common/xilinx.gen 
Execute           source C:/Xilinx/Vivado/2018.3/common/technology/xilinx/interface/plb46.gen 
Execute           source C:/Xilinx/Vivado/2018.3/common/technology/xilinx/interface/fsl.gen 
Execute           source C:/Xilinx/Vivado/2018.3/common/technology/xilinx/interface/axi4.gen 
Execute           source C:/Xilinx/Vivado/2018.3/common/technology/xilinx/interface/nativeAXI4.gen 
Execute             source C:/Xilinx/Vivado/2018.3/common/technology/xilinx/interface/saxilite.gen 
Execute             source C:/Xilinx/Vivado/2018.3/common/technology/xilinx/interface/maxi.gen 
Execute           source C:/Xilinx/Vivado/2018.3/common/technology/xilinx/scripts/xilinxcoregen.gen 
Execute           source C:/Xilinx/Vivado/2018.3/common/technology/xilinx/interface/XilEDKCoreGen.gen 
Execute           source C:/Xilinx/Vivado/2018.3/common/technology/xilinx/ip/dds_compiler.gen 
Execute           source C:/Xilinx/Vivado/2018.3/common/technology/xilinx/ip/util.gen 
Execute           source C:/Xilinx/Vivado/2018.3/common/technology/xilinx/ip/xfft.gen 
Execute           source C:/Xilinx/Vivado/2018.3/common/technology/xilinx/ip/xfir.gen 
Command         ap_source done; 0.143 sec.
Execute         source C:/Xilinx/Vivado/2018.3/common/technology/xilinx/common/dsp48.gen 
Command       ap_source done; 0.146 sec.
Command     ap_source done; 0.147 sec.
Execute     source C:/Xilinx/Vivado/2018.3/common/technology/xilinx/zynq/zynq_fpv6.gen 
Execute       source C:/Xilinx/Vivado/2018.3/common/technology/xilinx/common/xilinx_fpv6.gen 
INFO-FLOW: DBG:CMD:   using AESL_AUTOCG::g_clock_period=20.000 (was NA)
Execute     source C:/FPGA_PROJECTS/hls/axiVideoStream2AxiStream/solution1/.autopilot/db/global.setting.tcl 
INFO: [IMPL 213-8] Exporting RTL as a Vivado IP.
Execute     source C:/FPGA_PROJECTS/hls/axiVideoStream2AxiStream/solution1/.autopilot/db/global.setting.tcl 
INFO-FLOW: DBG:CMD: automg_wrap -export -pcore_version 1.00.a -rtl vlog -sdx-target none -tool Vivado -impltomg_flag
INFO-FLOW: DBG:CMD:     auto_generate -export -pcore_version 1.00.a -rtl vlog -sdx-target none -tool Vivado -impltomg_flag
Execute     source C:/FPGA_PROJECTS/hls/axiVideoStream2AxiStream/solution1/.autopilot/db/global.setting.tcl 
INFO-FLOW: DBG:CMD: read_platform_lib C:/FPGA_PROJECTS/hls/axiVideoStream2AxiStream/solution1/.autopilot/db/global.setting.tcl
Execute     source C:/Xilinx/Vivado/2018.3/common/technology/generic/autopilot/common.gen 
Execute       source C:/Xilinx/Vivado/2018.3/common/technology/generic/autopilot/APCoreGen.gen 
Execute     source C:/Xilinx/Vivado/2018.3/common/technology/generic/autopilot/op.gen 
Execute     source C:/Xilinx/Vivado/2018.3/common/technology/generic/autopilot/op_simcore.gen 
Execute     source C:/Xilinx/Vivado/2018.3/common/technology/generic/autopilot/interface.gen 
Execute     source C:/FPGA_PROJECTS/hls/axiVideoStream2AxiStream/solution1/.autopilot/db/global.setting.tcl 
Execute     source C:/Xilinx/Vivado/2018.3/common/technology/xilinx/zynq/zynq.gen 
Execute       source C:/Xilinx/Vivado/2018.3/common/technology/xilinx/common/virtex.gen 
Execute         source C:/Xilinx/Vivado/2018.3/common/technology/xilinx/common/xilinx.gen 
Execute           source C:/Xilinx/Vivado/2018.3/common/technology/xilinx/interface/plb46.gen 
Execute           source C:/Xilinx/Vivado/2018.3/common/technology/xilinx/interface/fsl.gen 
Execute           source C:/Xilinx/Vivado/2018.3/common/technology/xilinx/interface/axi4.gen 
Execute           source C:/Xilinx/Vivado/2018.3/common/technology/xilinx/interface/nativeAXI4.gen 
Execute             source C:/Xilinx/Vivado/2018.3/common/technology/xilinx/interface/saxilite.gen 
Execute             source C:/Xilinx/Vivado/2018.3/common/technology/xilinx/interface/maxi.gen 
Execute           source C:/Xilinx/Vivado/2018.3/common/technology/xilinx/scripts/xilinxcoregen.gen 
Execute           source C:/Xilinx/Vivado/2018.3/common/technology/xilinx/interface/XilEDKCoreGen.gen 
Execute           source C:/Xilinx/Vivado/2018.3/common/technology/xilinx/ip/dds_compiler.gen 
Execute           source C:/Xilinx/Vivado/2018.3/common/technology/xilinx/ip/util.gen 
Execute           source C:/Xilinx/Vivado/2018.3/common/technology/xilinx/ip/xfft.gen 
Execute           source C:/Xilinx/Vivado/2018.3/common/technology/xilinx/ip/xfir.gen 
Command         ap_source done; 0.143 sec.
Execute         source C:/Xilinx/Vivado/2018.3/common/technology/xilinx/common/dsp48.gen 
Command       ap_source done; 0.146 sec.
Command     ap_source done; 0.146 sec.
Execute     source C:/Xilinx/Vivado/2018.3/common/technology/xilinx/zynq/zynq_fpv6.gen 
Execute       source C:/Xilinx/Vivado/2018.3/common/technology/xilinx/common/xilinx_fpv6.gen 
INFO-FLOW: DBG:CMD:       initCTypeInfo top_module=axiVideoStream2AxiStream xml_exists=1
Execute     source C:/FPGA_PROJECTS/hls/axiVideoStream2AxiStream/solution1/.autopilot/db/axiVideoStream2AxiStream.rtl_wrap.cfg.tcl 
Execute     source C:/FPGA_PROJECTS/hls/axiVideoStream2AxiStream/solution1/.autopilot/db/axiVideoStream2AxiStream.rtl_wrap.cfg.tcl 
Execute     source C:/FPGA_PROJECTS/hls/axiVideoStream2AxiStream/solution1/.autopilot/db/axiVideoStream2AxiStream.rtl_wrap.cfg.tcl 
Execute     source C:/FPGA_PROJECTS/hls/axiVideoStream2AxiStream/solution1/.autopilot/db/axiVideoStream2AxiStream.tbgen.tcl 
Execute     source C:/FPGA_PROJECTS/hls/axiVideoStream2AxiStream/solution1/.autopilot/db/axiVideoStream2AxiStream.tbgen.tcl 
INFO-FLOW: DBG:CMD:       export_impl_rtl
INFO-FLOW: DBG:CMD:       generate_ip_cores sim=0 export=0 expOnly=0 dstVlogDir=impl/.verilog
Execute     source C:/FPGA_PROJECTS/hls/axiVideoStream2AxiStream/solution1/.autopilot/db/global.setting.tcl 
Execute     source C:/FPGA_PROJECTS/hls/axiVideoStream2AxiStream/solution1/.autopilot/db/axiVideoStream2AxiStream.compgen.tcl 
INFO-FLOW: DBG:CMD:       generate_ip_cores sim=0 export=1 expOnly=1 dstVlogDir=impl/.pcores/verilog
Execute     source C:/FPGA_PROJECTS/hls/axiVideoStream2AxiStream/solution1/.autopilot/db/global.setting.tcl 
Execute     source C:/FPGA_PROJECTS/hls/axiVideoStream2AxiStream/solution1/.autopilot/db/axiVideoStream2AxiStream.compgen.tcl 
INFO-FLOW: DBG:CMD:       generate_ip_cores sim=0 export=0 expOnly=0 dstVlogDir=impl/.pcores/verilog_sim
Execute     source C:/FPGA_PROJECTS/hls/axiVideoStream2AxiStream/solution1/.autopilot/db/global.setting.tcl 
Execute     source C:/FPGA_PROJECTS/hls/axiVideoStream2AxiStream/solution1/.autopilot/db/axiVideoStream2AxiStream.compgen.tcl 
Execute     source C:/FPGA_PROJECTS/hls/axiVideoStream2AxiStream/solution1/.autopilot/db/global.setting.tcl 
Execute     source C:/FPGA_PROJECTS/hls/axiVideoStream2AxiStream/solution1/.autopilot/db/axiVideoStream2AxiStream.constraint.tcl 
Execute     source C:/FPGA_PROJECTS/hls/axiVideoStream2AxiStream/solution1/.autopilot/db/axiVideoStream2AxiStream.tbgen.tcl 
INFO-FLOW: DBG:CMD:       hasPcoreIpAdapter=false #gSsdmPorts=30
INFO-FLOW: DBG:CMD: Skipping loadAnalyze_DB, #g_database=14
INFO-FLOW: DBG:CMD:       generate_json is_phase_csynth=0 g_has_adaptors=false generate_bd_files=1 #modelList=1 #gSsdmPorts=30
Execute     source C:/FPGA_PROJECTS/hls/axiVideoStream2AxiStream/solution1/.autopilot/db/global.setting.tcl 
Execute     source C:/FPGA_PROJECTS/hls/axiVideoStream2AxiStream/solution1/.autopilot/db/global.setting.tcl 
Execute     source C:/FPGA_PROJECTS/hls/axiVideoStream2AxiStream/solution1/.autopilot/db/axiVideoStream2AxiStream.tbgen.tcl 
Execute     source C:/FPGA_PROJECTS/hls/axiVideoStream2AxiStream/solution1/.autopilot/db/axiVideoStream2AxiStream.tbgen.tcl 
Execute     source C:/FPGA_PROJECTS/hls/axiVideoStream2AxiStream/solution1/.autopilot/db/axiVideoStream2AxiStream.tbgen.tcl 
Execute     source C:/FPGA_PROJECTS/hls/axiVideoStream2AxiStream/solution1/.autopilot/db/axiVideoStream2AxiStream.tbgen.tcl 
Execute     source C:/FPGA_PROJECTS/hls/axiVideoStream2AxiStream/solution1/.autopilot/db/axiVideoStream2AxiStream.tbgen.tcl 
Execute     source C:/FPGA_PROJECTS/hls/axiVideoStream2AxiStream/solution1/.autopilot/db/axiVideoStream2AxiStream.tbgen.tcl 
Execute     source C:/FPGA_PROJECTS/hls/axiVideoStream2AxiStream/solution1/.autopilot/db/axiVideoStream2AxiStream.tbgen.tcl 
Execute     source C:/FPGA_PROJECTS/hls/axiVideoStream2AxiStream/solution1/.autopilot/db/axiVideoStream2AxiStream.tbgen.tcl 
Execute     source C:/FPGA_PROJECTS/hls/axiVideoStream2AxiStream/solution1/.autopilot/db/global.setting.tcl 
Execute     get_config_sdx -target 
Execute     get_config_export -xo 
Execute     source C:/FPGA_PROJECTS/hls/axiVideoStream2AxiStream/solution1/.autopilot/db/global.setting.tcl 
Execute     source C:/FPGA_PROJECTS/hls/axiVideoStream2AxiStream/solution1/.autopilot/db/axiVideoStream2AxiStream.constraint.tcl 
Execute     sc_get_clocks axiVideoStream2AxiStream 
Execute     source C:/FPGA_PROJECTS/hls/axiVideoStream2AxiStream/solution1/.autopilot/db/global.setting.tcl 
Execute     get_config_sdx -target 
Execute     get_config_sdx -profile 
Execute     ::config_rtl 
INFO-FLOW: DBG:CMD: add_json_sdx_info kernel file does not exist: C:/FPGA_PROJECTS/hls/axiVideoStream2AxiStream/solution1/.autopilot/db/kernel.internal.xml
INFO-FLOW: DBG:CMD:       generate_ip_script #gSsdmPorts=30
Execute     source C:/FPGA_PROJECTS/hls/axiVideoStream2AxiStream/solution1/.autopilot/db/axiVideoStream2AxiStream.tbgen.tcl 
Execute     source C:/FPGA_PROJECTS/hls/axiVideoStream2AxiStream/solution1/.autopilot/db/axiVideoStream2AxiStream.tbgen.tcl 
Execute     source C:/FPGA_PROJECTS/hls/axiVideoStream2AxiStream/solution1/.autopilot/db/axiVideoStream2AxiStream.tbgen.tcl 
Execute     source C:/FPGA_PROJECTS/hls/axiVideoStream2AxiStream/solution1/.autopilot/db/axiVideoStream2AxiStream.tbgen.tcl 
Execute     source C:/FPGA_PROJECTS/hls/axiVideoStream2AxiStream/solution1/.autopilot/db/axiVideoStream2AxiStream.tbgen.tcl 
Execute     source C:/FPGA_PROJECTS/hls/axiVideoStream2AxiStream/solution1/.autopilot/db/axiVideoStream2AxiStream.tbgen.tcl 
Execute     source C:/FPGA_PROJECTS/hls/axiVideoStream2AxiStream/solution1/.autopilot/db/axiVideoStream2AxiStream.tbgen.tcl 
Execute     source C:/FPGA_PROJECTS/hls/axiVideoStream2AxiStream/solution1/.autopilot/db/axiVideoStream2AxiStream.tbgen.tcl 
Execute     source C:/FPGA_PROJECTS/hls/axiVideoStream2AxiStream/solution1/.autopilot/db/global.setting.tcl 
Execute     get_config_sdx -target 
INFO-FLOW: DBG:CMD:       generate_ip_auxiliary
Execute     source C:/FPGA_PROJECTS/hls/axiVideoStream2AxiStream/solution1/.autopilot/db/global.setting.tcl 
INFO-FLOW: DBG:CMD:       prepArgInfo -> loadAnalyze_DB top_module=axiVideoStream2AxiStream
Execute     source C:/FPGA_PROJECTS/hls/axiVideoStream2AxiStream/solution1/.autopilot/db/axiVideoStream2AxiStream.rtl_wrap.cfg.tcl 
Execute     source C:/FPGA_PROJECTS/hls/axiVideoStream2AxiStream/solution1/.autopilot/db/axiVideoStream2AxiStream.rtl_wrap.cfg.tcl 
Execute     source C:/FPGA_PROJECTS/hls/axiVideoStream2AxiStream/solution1/.autopilot/db/axiVideoStream2AxiStream.rtl_wrap.cfg.tcl 
Execute     source C:/FPGA_PROJECTS/hls/axiVideoStream2AxiStream/solution1/.autopilot/db/axiVideoStream2AxiStream.tbgen.tcl 
Execute     source C:/FPGA_PROJECTS/hls/axiVideoStream2AxiStream/solution1/.autopilot/db/axiVideoStream2AxiStream.tbgen.tcl 
Execute     source C:/FPGA_PROJECTS/hls/axiVideoStream2AxiStream/solution1/.autopilot/db/axiVideoStream2AxiStream.tbgen.tcl 
INFO-FLOW: DBG:CMD:       generate_top_info
INFO-FLOW: DBG:CMD:       prepArgInfo -> loadAnalyze_DB top_module=axiVideoStream2AxiStream
Execute     source C:/FPGA_PROJECTS/hls/axiVideoStream2AxiStream/solution1/.autopilot/db/axiVideoStream2AxiStream.rtl_wrap.cfg.tcl 
Execute     source C:/FPGA_PROJECTS/hls/axiVideoStream2AxiStream/solution1/.autopilot/db/axiVideoStream2AxiStream.rtl_wrap.cfg.tcl 
Execute     source C:/FPGA_PROJECTS/hls/axiVideoStream2AxiStream/solution1/.autopilot/db/axiVideoStream2AxiStream.rtl_wrap.cfg.tcl 
Execute     source C:/FPGA_PROJECTS/hls/axiVideoStream2AxiStream/solution1/.autopilot/db/axiVideoStream2AxiStream.tbgen.tcl 
Execute     source C:/FPGA_PROJECTS/hls/axiVideoStream2AxiStream/solution1/.autopilot/db/axiVideoStream2AxiStream.tbgen.tcl 
INFO-FLOW: DBG:CMD:       generate_ip_bd_script
Execute     source C:/FPGA_PROJECTS/hls/axiVideoStream2AxiStream/solution1/.autopilot/db/axiVideoStream2AxiStream.tbgen.tcl 
Execute     source C:/FPGA_PROJECTS/hls/axiVideoStream2AxiStream/solution1/.autopilot/db/global.setting.tcl 
Execute     source C:/FPGA_PROJECTS/hls/axiVideoStream2AxiStream/solution1/.autopilot/db/axiVideoStream2AxiStream.constraint.tcl 
INFO-FLOW: DBG:CMD:       generate_ipi_example_script
INFO-FLOW: DBG:CMD:       generate_syn_sh
Execute     source C:/FPGA_PROJECTS/hls/axiVideoStream2AxiStream/solution1/.autopilot/db/global.setting.tcl 
Execute     source C:/FPGA_PROJECTS/hls/axiVideoStream2AxiStream/solution1/.autopilot/db/global.setting.tcl 
INFO-FLOW: DBG:CMD:       generate_imp_constraints
Execute     source C:/FPGA_PROJECTS/hls/axiVideoStream2AxiStream/solution1/.autopilot/db/axiVideoStream2AxiStream.constraint.tcl 
Execute     source C:/FPGA_PROJECTS/hls/axiVideoStream2AxiStream/solution1/.autopilot/db/axiVideoStream2AxiStream.tbgen.tcl 
Execute     source C:/FPGA_PROJECTS/hls/axiVideoStream2AxiStream/solution1/.autopilot/db/axiVideoStream2AxiStream.constraint.tcl 
Execute     source C:/FPGA_PROJECTS/hls/axiVideoStream2AxiStream/solution1/.autopilot/db/axiVideoStream2AxiStream.tbgen.tcl 
INFO-FLOW: DBG:CMD:       copy-tb-rtl-files
INFO-FLOW: DBG:CMD:       copy-tb-data-files
INFO-FLOW: DBG:CMD:       delete-temp-dirs (skipped for debug)
INFO-FLOW: DBG:CMD: read_platform_lib C:/FPGA_PROJECTS/hls/axiVideoStream2AxiStream/solution1/.autopilot/db/global.setting.tcl
Execute     source C:/Xilinx/Vivado/2018.3/common/technology/generic/autopilot/common.gen 
Execute       source C:/Xilinx/Vivado/2018.3/common/technology/generic/autopilot/APCoreGen.gen 
Execute     source C:/Xilinx/Vivado/2018.3/common/technology/generic/autopilot/op.gen 
Execute     source C:/Xilinx/Vivado/2018.3/common/technology/generic/autopilot/op_simcore.gen 
Execute     source C:/Xilinx/Vivado/2018.3/common/technology/generic/autopilot/interface.gen 
Execute     source C:/FPGA_PROJECTS/hls/axiVideoStream2AxiStream/solution1/.autopilot/db/global.setting.tcl 
Execute     source C:/Xilinx/Vivado/2018.3/common/technology/xilinx/zynq/zynq.gen 
Execute       source C:/Xilinx/Vivado/2018.3/common/technology/xilinx/common/virtex.gen 
Execute         source C:/Xilinx/Vivado/2018.3/common/technology/xilinx/common/xilinx.gen 
Execute           source C:/Xilinx/Vivado/2018.3/common/technology/xilinx/interface/plb46.gen 
Execute           source C:/Xilinx/Vivado/2018.3/common/technology/xilinx/interface/fsl.gen 
Execute           source C:/Xilinx/Vivado/2018.3/common/technology/xilinx/interface/axi4.gen 
Execute           source C:/Xilinx/Vivado/2018.3/common/technology/xilinx/interface/nativeAXI4.gen 
Execute             source C:/Xilinx/Vivado/2018.3/common/technology/xilinx/interface/saxilite.gen 
Execute             source C:/Xilinx/Vivado/2018.3/common/technology/xilinx/interface/maxi.gen 
Execute           source C:/Xilinx/Vivado/2018.3/common/technology/xilinx/scripts/xilinxcoregen.gen 
Execute           source C:/Xilinx/Vivado/2018.3/common/technology/xilinx/interface/XilEDKCoreGen.gen 
Execute           source C:/Xilinx/Vivado/2018.3/common/technology/xilinx/ip/dds_compiler.gen 
Execute           source C:/Xilinx/Vivado/2018.3/common/technology/xilinx/ip/util.gen 
Execute           source C:/Xilinx/Vivado/2018.3/common/technology/xilinx/ip/xfft.gen 
Execute           source C:/Xilinx/Vivado/2018.3/common/technology/xilinx/ip/xfir.gen 
Command         ap_source done; 0.145 sec.
Execute         source C:/Xilinx/Vivado/2018.3/common/technology/xilinx/common/dsp48.gen 
Command       ap_source done; 0.148 sec.
Command     ap_source done; 0.148 sec.
Execute     source C:/Xilinx/Vivado/2018.3/common/technology/xilinx/zynq/zynq_fpv6.gen 
Execute       source C:/Xilinx/Vivado/2018.3/common/technology/xilinx/common/xilinx_fpv6.gen 
INFO-FLOW: DBG:CMD:     exec C:/FPGA_PROJECTS/hls/axiVideoStream2AxiStream/solution1/impl/ip/pack.bat
Command   export_design done; 9.671 sec.
Command ap_source done; 10.001 sec.
Execute cleanup_all 
