

================================================================
== Vivado HLS Report for 'binarization'
================================================================
* Date:           Wed Aug  5 17:58:32 2020

* Version:        2018.3 (Build 2405991 on Thu Dec 06 23:56:15 MST 2018)
* Project:        binarization
* Solution:       solution1
* Product family: zynq
* Target device:  xc7z010clg400-1


================================================================
== Performance Estimates
================================================================
+ Timing (ns): 
    * Summary: 
    +--------+-------+----------+------------+
    |  Clock | Target| Estimated| Uncertainty|
    +--------+-------+----------+------------+
    |ap_clk  |  10.00|     2.544|        1.25|
    +--------+-------+----------+------------+

+ Latency (clock cycles): 
    * Summary: 
    +-----+-----+-----+-----+---------+
    |  Latency  |  Interval | Pipeline|
    | min | max | min | max |   Type  |
    +-----+-----+-----+-----+---------+
    |    2|    2|    2|    2|   none  |
    +-----+-----+-----+-----+---------+

    + Detail: 
        * Instance: 
        N/A

        * Loop: 
        N/A



================================================================
== Utilization Estimates
================================================================
* Summary: 
+-----------------+---------+-------+-------+-------+
|       Name      | BRAM_18K| DSP48E|   FF  |  LUT  |
+-----------------+---------+-------+-------+-------+
|DSP              |        -|      -|      -|      -|
|Expression       |        -|      -|      0|    187|
|FIFO             |        -|      -|      -|      -|
|Instance         |        -|      -|      -|      -|
|Memory           |        -|      -|      -|      -|
|Multiplexer      |        -|      -|      -|    375|
|Register         |        -|      -|    123|      -|
+-----------------+---------+-------+-------+-------+
|Total            |        0|      0|    123|    562|
+-----------------+---------+-------+-------+-------+
|Available        |      120|     80|  35200|  17600|
+-----------------+---------+-------+-------+-------+
|Utilization (%)  |        0|      0|   ~0  |      3|
+-----------------+---------+-------+-------+-------+

+ Detail: 
    * Instance: 
    N/A

    * DSP48: 
    N/A

    * Memory: 
    N/A

    * FIFO: 
    N/A

    * Expression: 
    +-----------------------------------------+----------+-------+---+----+------------+------------+
    |              Variable Name              | Operation| DSP48E| FF| LUT| Bitwidth P0| Bitwidth P1|
    +-----------------------------------------+----------+-------+---+----+------------+------------+
    |INPUT_STREAM_V_data_V_0_load_A           |    and   |      0|  0|   2|           1|           1|
    |INPUT_STREAM_V_data_V_0_load_B           |    and   |      0|  0|   2|           1|           1|
    |INPUT_STREAM_V_dest_V_0_load_A           |    and   |      0|  0|   2|           1|           1|
    |INPUT_STREAM_V_dest_V_0_load_B           |    and   |      0|  0|   2|           1|           1|
    |INPUT_STREAM_V_id_V_0_load_A             |    and   |      0|  0|   2|           1|           1|
    |INPUT_STREAM_V_id_V_0_load_B             |    and   |      0|  0|   2|           1|           1|
    |INPUT_STREAM_V_keep_V_0_load_A           |    and   |      0|  0|   2|           1|           1|
    |INPUT_STREAM_V_keep_V_0_load_B           |    and   |      0|  0|   2|           1|           1|
    |INPUT_STREAM_V_last_V_0_load_A           |    and   |      0|  0|   2|           1|           1|
    |INPUT_STREAM_V_last_V_0_load_B           |    and   |      0|  0|   2|           1|           1|
    |INPUT_STREAM_V_strb_V_0_load_A           |    and   |      0|  0|   2|           1|           1|
    |INPUT_STREAM_V_strb_V_0_load_B           |    and   |      0|  0|   2|           1|           1|
    |INPUT_STREAM_V_user_V_0_load_A           |    and   |      0|  0|   2|           1|           1|
    |INPUT_STREAM_V_user_V_0_load_B           |    and   |      0|  0|   2|           1|           1|
    |OUTPUT_STREAM_V_data_V_1_load_A          |    and   |      0|  0|   2|           1|           1|
    |OUTPUT_STREAM_V_data_V_1_load_B          |    and   |      0|  0|   2|           1|           1|
    |OUTPUT_STREAM_V_dest_V_1_load_A          |    and   |      0|  0|   2|           1|           1|
    |OUTPUT_STREAM_V_dest_V_1_load_B          |    and   |      0|  0|   2|           1|           1|
    |OUTPUT_STREAM_V_id_V_1_load_A            |    and   |      0|  0|   2|           1|           1|
    |OUTPUT_STREAM_V_id_V_1_load_B            |    and   |      0|  0|   2|           1|           1|
    |OUTPUT_STREAM_V_keep_V_1_load_A          |    and   |      0|  0|   2|           1|           1|
    |OUTPUT_STREAM_V_keep_V_1_load_B          |    and   |      0|  0|   2|           1|           1|
    |OUTPUT_STREAM_V_last_V_1_load_A          |    and   |      0|  0|   2|           1|           1|
    |OUTPUT_STREAM_V_last_V_1_load_B          |    and   |      0|  0|   2|           1|           1|
    |OUTPUT_STREAM_V_strb_V_1_load_A          |    and   |      0|  0|   2|           1|           1|
    |OUTPUT_STREAM_V_strb_V_1_load_B          |    and   |      0|  0|   2|           1|           1|
    |OUTPUT_STREAM_V_user_V_1_load_A          |    and   |      0|  0|   2|           1|           1|
    |OUTPUT_STREAM_V_user_V_1_load_B          |    and   |      0|  0|   2|           1|           1|
    |INPUT_STREAM_V_data_V_0_state_cmp_full   |   icmp   |      0|  0|   8|           2|           1|
    |INPUT_STREAM_V_dest_V_0_state_cmp_full   |   icmp   |      0|  0|   8|           2|           1|
    |INPUT_STREAM_V_id_V_0_state_cmp_full     |   icmp   |      0|  0|   8|           2|           1|
    |INPUT_STREAM_V_keep_V_0_state_cmp_full   |   icmp   |      0|  0|   8|           2|           1|
    |INPUT_STREAM_V_last_V_0_state_cmp_full   |   icmp   |      0|  0|   8|           2|           1|
    |INPUT_STREAM_V_strb_V_0_state_cmp_full   |   icmp   |      0|  0|   8|           2|           1|
    |INPUT_STREAM_V_user_V_0_state_cmp_full   |   icmp   |      0|  0|   8|           2|           1|
    |OUTPUT_STREAM_V_data_V_1_state_cmp_full  |   icmp   |      0|  0|   8|           2|           1|
    |OUTPUT_STREAM_V_dest_V_1_state_cmp_full  |   icmp   |      0|  0|   8|           2|           1|
    |OUTPUT_STREAM_V_id_V_1_state_cmp_full    |   icmp   |      0|  0|   8|           2|           1|
    |OUTPUT_STREAM_V_keep_V_1_state_cmp_full  |   icmp   |      0|  0|   8|           2|           1|
    |OUTPUT_STREAM_V_last_V_1_state_cmp_full  |   icmp   |      0|  0|   8|           2|           1|
    |OUTPUT_STREAM_V_strb_V_1_state_cmp_full  |   icmp   |      0|  0|   8|           2|           1|
    |OUTPUT_STREAM_V_user_V_1_state_cmp_full  |   icmp   |      0|  0|   8|           2|           1|
    |tmp_2_fu_179_p2                          |   icmp   |      0|  0|  11|           8|           8|
    |ap_block_state3                          |    or    |      0|  0|   2|           1|           1|
    |tmp_data_V_1_fu_198_p3                   |  select  |      0|  0|   2|           1|           2|
    |tmp_data_V_2_fu_191_p3                   |  select  |      0|  0|   2|           1|           1|
    |not_tmp_2_fu_185_p2                      |    xor   |      0|  0|   2|           1|           2|
    +-----------------------------------------+----------+-------+---+----+------------+------------+
    |Total                                    |          |      0|  0| 187|          68|          56|
    +-----------------------------------------+----------+-------+---+----+------------+------------+

    * Multiplexer: 
    +-----------------------------------+----+-----------+-----+-----------+
    |                Name               | LUT| Input Size| Bits| Total Bits|
    +-----------------------------------+----+-----------+-----+-----------+
    |INPUT_STREAM_TDATA_blk_n           |   9|          2|    1|          2|
    |INPUT_STREAM_V_data_V_0_data_out   |   9|          2|    8|         16|
    |INPUT_STREAM_V_data_V_0_state      |  15|          3|    2|          6|
    |INPUT_STREAM_V_dest_V_0_data_out   |   9|          2|    1|          2|
    |INPUT_STREAM_V_dest_V_0_state      |  15|          3|    2|          6|
    |INPUT_STREAM_V_id_V_0_data_out     |   9|          2|    1|          2|
    |INPUT_STREAM_V_id_V_0_state        |  15|          3|    2|          6|
    |INPUT_STREAM_V_keep_V_0_data_out   |   9|          2|    1|          2|
    |INPUT_STREAM_V_keep_V_0_state      |  15|          3|    2|          6|
    |INPUT_STREAM_V_last_V_0_data_out   |   9|          2|    1|          2|
    |INPUT_STREAM_V_last_V_0_state      |  15|          3|    2|          6|
    |INPUT_STREAM_V_strb_V_0_data_out   |   9|          2|    1|          2|
    |INPUT_STREAM_V_strb_V_0_state      |  15|          3|    2|          6|
    |INPUT_STREAM_V_user_V_0_data_out   |   9|          2|    1|          2|
    |INPUT_STREAM_V_user_V_0_state      |  15|          3|    2|          6|
    |OUTPUT_STREAM_TDATA_blk_n          |   9|          2|    1|          2|
    |OUTPUT_STREAM_V_data_V_1_data_out  |   9|          2|    8|         16|
    |OUTPUT_STREAM_V_data_V_1_state     |  15|          3|    2|          6|
    |OUTPUT_STREAM_V_dest_V_1_data_out  |   9|          2|    1|          2|
    |OUTPUT_STREAM_V_dest_V_1_state     |  15|          3|    2|          6|
    |OUTPUT_STREAM_V_id_V_1_data_out    |   9|          2|    1|          2|
    |OUTPUT_STREAM_V_id_V_1_state       |  15|          3|    2|          6|
    |OUTPUT_STREAM_V_keep_V_1_data_out  |   9|          2|    1|          2|
    |OUTPUT_STREAM_V_keep_V_1_state     |  15|          3|    2|          6|
    |OUTPUT_STREAM_V_last_V_1_data_out  |   9|          2|    1|          2|
    |OUTPUT_STREAM_V_last_V_1_state     |  15|          3|    2|          6|
    |OUTPUT_STREAM_V_strb_V_1_data_out  |   9|          2|    1|          2|
    |OUTPUT_STREAM_V_strb_V_1_state     |  15|          3|    2|          6|
    |OUTPUT_STREAM_V_user_V_1_data_out  |   9|          2|    1|          2|
    |OUTPUT_STREAM_V_user_V_1_state     |  15|          3|    2|          6|
    |ap_NS_fsm                          |  21|          4|    1|          4|
    +-----------------------------------+----+-----------+-----+-----------+
    |Total                              | 375|         78|   59|        148|
    +-----------------------------------+----+-----------+-----+-----------+

    * Register: 
    +------------------------------------+---+----+-----+-----------+
    |                Name                | FF| LUT| Bits| Const Bits|
    +------------------------------------+---+----+-----+-----------+
    |INPUT_STREAM_V_data_V_0_payload_A   |  8|   0|    8|          0|
    |INPUT_STREAM_V_data_V_0_payload_B   |  8|   0|    8|          0|
    |INPUT_STREAM_V_data_V_0_sel_rd      |  1|   0|    1|          0|
    |INPUT_STREAM_V_data_V_0_sel_wr      |  1|   0|    1|          0|
    |INPUT_STREAM_V_data_V_0_state       |  2|   0|    2|          0|
    |INPUT_STREAM_V_dest_V_0_payload_A   |  1|   0|    1|          0|
    |INPUT_STREAM_V_dest_V_0_payload_B   |  1|   0|    1|          0|
    |INPUT_STREAM_V_dest_V_0_sel_rd      |  1|   0|    1|          0|
    |INPUT_STREAM_V_dest_V_0_sel_wr      |  1|   0|    1|          0|
    |INPUT_STREAM_V_dest_V_0_state       |  2|   0|    2|          0|
    |INPUT_STREAM_V_id_V_0_payload_A     |  1|   0|    1|          0|
    |INPUT_STREAM_V_id_V_0_payload_B     |  1|   0|    1|          0|
    |INPUT_STREAM_V_id_V_0_sel_rd        |  1|   0|    1|          0|
    |INPUT_STREAM_V_id_V_0_sel_wr        |  1|   0|    1|          0|
    |INPUT_STREAM_V_id_V_0_state         |  2|   0|    2|          0|
    |INPUT_STREAM_V_keep_V_0_payload_A   |  1|   0|    1|          0|
    |INPUT_STREAM_V_keep_V_0_payload_B   |  1|   0|    1|          0|
    |INPUT_STREAM_V_keep_V_0_sel_rd      |  1|   0|    1|          0|
    |INPUT_STREAM_V_keep_V_0_sel_wr      |  1|   0|    1|          0|
    |INPUT_STREAM_V_keep_V_0_state       |  2|   0|    2|          0|
    |INPUT_STREAM_V_last_V_0_payload_A   |  1|   0|    1|          0|
    |INPUT_STREAM_V_last_V_0_payload_B   |  1|   0|    1|          0|
    |INPUT_STREAM_V_last_V_0_sel_rd      |  1|   0|    1|          0|
    |INPUT_STREAM_V_last_V_0_sel_wr      |  1|   0|    1|          0|
    |INPUT_STREAM_V_last_V_0_state       |  2|   0|    2|          0|
    |INPUT_STREAM_V_strb_V_0_payload_A   |  1|   0|    1|          0|
    |INPUT_STREAM_V_strb_V_0_payload_B   |  1|   0|    1|          0|
    |INPUT_STREAM_V_strb_V_0_sel_rd      |  1|   0|    1|          0|
    |INPUT_STREAM_V_strb_V_0_sel_wr      |  1|   0|    1|          0|
    |INPUT_STREAM_V_strb_V_0_state       |  2|   0|    2|          0|
    |INPUT_STREAM_V_user_V_0_payload_A   |  1|   0|    1|          0|
    |INPUT_STREAM_V_user_V_0_payload_B   |  1|   0|    1|          0|
    |INPUT_STREAM_V_user_V_0_sel_rd      |  1|   0|    1|          0|
    |INPUT_STREAM_V_user_V_0_sel_wr      |  1|   0|    1|          0|
    |INPUT_STREAM_V_user_V_0_state       |  2|   0|    2|          0|
    |OUTPUT_STREAM_V_data_V_1_payload_A  |  8|   0|    8|          0|
    |OUTPUT_STREAM_V_data_V_1_payload_B  |  8|   0|    8|          0|
    |OUTPUT_STREAM_V_data_V_1_sel_rd     |  1|   0|    1|          0|
    |OUTPUT_STREAM_V_data_V_1_sel_wr     |  1|   0|    1|          0|
    |OUTPUT_STREAM_V_data_V_1_state      |  2|   0|    2|          0|
    |OUTPUT_STREAM_V_dest_V_1_payload_A  |  1|   0|    1|          0|
    |OUTPUT_STREAM_V_dest_V_1_payload_B  |  1|   0|    1|          0|
    |OUTPUT_STREAM_V_dest_V_1_sel_rd     |  1|   0|    1|          0|
    |OUTPUT_STREAM_V_dest_V_1_sel_wr     |  1|   0|    1|          0|
    |OUTPUT_STREAM_V_dest_V_1_state      |  2|   0|    2|          0|
    |OUTPUT_STREAM_V_id_V_1_payload_A    |  1|   0|    1|          0|
    |OUTPUT_STREAM_V_id_V_1_payload_B    |  1|   0|    1|          0|
    |OUTPUT_STREAM_V_id_V_1_sel_rd       |  1|   0|    1|          0|
    |OUTPUT_STREAM_V_id_V_1_sel_wr       |  1|   0|    1|          0|
    |OUTPUT_STREAM_V_id_V_1_state        |  2|   0|    2|          0|
    |OUTPUT_STREAM_V_keep_V_1_payload_A  |  1|   0|    1|          0|
    |OUTPUT_STREAM_V_keep_V_1_payload_B  |  1|   0|    1|          0|
    |OUTPUT_STREAM_V_keep_V_1_sel_rd     |  1|   0|    1|          0|
    |OUTPUT_STREAM_V_keep_V_1_sel_wr     |  1|   0|    1|          0|
    |OUTPUT_STREAM_V_keep_V_1_state      |  2|   0|    2|          0|
    |OUTPUT_STREAM_V_last_V_1_payload_A  |  1|   0|    1|          0|
    |OUTPUT_STREAM_V_last_V_1_payload_B  |  1|   0|    1|          0|
    |OUTPUT_STREAM_V_last_V_1_sel_rd     |  1|   0|    1|          0|
    |OUTPUT_STREAM_V_last_V_1_sel_wr     |  1|   0|    1|          0|
    |OUTPUT_STREAM_V_last_V_1_state      |  2|   0|    2|          0|
    |OUTPUT_STREAM_V_strb_V_1_payload_A  |  1|   0|    1|          0|
    |OUTPUT_STREAM_V_strb_V_1_payload_B  |  1|   0|    1|          0|
    |OUTPUT_STREAM_V_strb_V_1_sel_rd     |  1|   0|    1|          0|
    |OUTPUT_STREAM_V_strb_V_1_sel_wr     |  1|   0|    1|          0|
    |OUTPUT_STREAM_V_strb_V_1_state      |  2|   0|    2|          0|
    |OUTPUT_STREAM_V_user_V_1_payload_A  |  1|   0|    1|          0|
    |OUTPUT_STREAM_V_user_V_1_payload_B  |  1|   0|    1|          0|
    |OUTPUT_STREAM_V_user_V_1_sel_rd     |  1|   0|    1|          0|
    |OUTPUT_STREAM_V_user_V_1_sel_wr     |  1|   0|    1|          0|
    |OUTPUT_STREAM_V_user_V_1_state      |  2|   0|    2|          0|
    |ap_CS_fsm                           |  3|   0|    3|          0|
    |threshold_memorized                 |  8|   0|    8|          0|
    +------------------------------------+---+----+-----+-----------+
    |Total                               |123|   0|  123|          0|
    +------------------------------------+---+----+-----+-----------+



================================================================
== Interface
================================================================
* Summary: 
+----------------------+-----+-----+------------+------------------------+--------------+
|       RTL Ports      | Dir | Bits|  Protocol  |      Source Object     |    C Type    |
+----------------------+-----+-----+------------+------------------------+--------------+
|ap_clk                |  in |    1| ap_ctrl_hs |      binarization      | return value |
|ap_rst_n              |  in |    1| ap_ctrl_hs |      binarization      | return value |
|ap_start              |  in |    1| ap_ctrl_hs |      binarization      | return value |
|ap_done               | out |    1| ap_ctrl_hs |      binarization      | return value |
|ap_idle               | out |    1| ap_ctrl_hs |      binarization      | return value |
|ap_ready              | out |    1| ap_ctrl_hs |      binarization      | return value |
|INPUT_STREAM_TDATA    |  in |    8|    axis    |  INPUT_STREAM_V_data_V |    pointer   |
|INPUT_STREAM_TVALID   |  in |    1|    axis    |  INPUT_STREAM_V_dest_V |    pointer   |
|INPUT_STREAM_TREADY   | out |    1|    axis    |  INPUT_STREAM_V_dest_V |    pointer   |
|INPUT_STREAM_TDEST    |  in |    1|    axis    |  INPUT_STREAM_V_dest_V |    pointer   |
|INPUT_STREAM_TKEEP    |  in |    1|    axis    |  INPUT_STREAM_V_keep_V |    pointer   |
|INPUT_STREAM_TSTRB    |  in |    1|    axis    |  INPUT_STREAM_V_strb_V |    pointer   |
|INPUT_STREAM_TUSER    |  in |    1|    axis    |  INPUT_STREAM_V_user_V |    pointer   |
|INPUT_STREAM_TLAST    |  in |    1|    axis    |  INPUT_STREAM_V_last_V |    pointer   |
|INPUT_STREAM_TID      |  in |    1|    axis    |   INPUT_STREAM_V_id_V  |    pointer   |
|threshold             |  in |    8|   ap_none  |        threshold       |    scalar    |
|update_threshold_V    |  in |    1|   ap_none  |   update_threshold_V   |    scalar    |
|inverted_V            |  in |    1|   ap_none  |       inverted_V       |    scalar    |
|OUTPUT_STREAM_TDATA   | out |    8|    axis    | OUTPUT_STREAM_V_data_V |    pointer   |
|OUTPUT_STREAM_TREADY  |  in |    1|    axis    | OUTPUT_STREAM_V_data_V |    pointer   |
|OUTPUT_STREAM_TVALID  | out |    1|    axis    | OUTPUT_STREAM_V_dest_V |    pointer   |
|OUTPUT_STREAM_TDEST   | out |    1|    axis    | OUTPUT_STREAM_V_dest_V |    pointer   |
|OUTPUT_STREAM_TKEEP   | out |    1|    axis    | OUTPUT_STREAM_V_keep_V |    pointer   |
|OUTPUT_STREAM_TSTRB   | out |    1|    axis    | OUTPUT_STREAM_V_strb_V |    pointer   |
|OUTPUT_STREAM_TUSER   | out |    1|    axis    | OUTPUT_STREAM_V_user_V |    pointer   |
|OUTPUT_STREAM_TLAST   | out |    1|    axis    | OUTPUT_STREAM_V_last_V |    pointer   |
|OUTPUT_STREAM_TID     | out |    1|    axis    |  OUTPUT_STREAM_V_id_V  |    pointer   |
+----------------------+-----+-----+------------+------------------------+--------------+

