

================================================================
== Vivado HLS Report for 'AXIvideo2Mat'
================================================================
* Date:           Tue Aug  4 18:25:12 2020

* Version:        2018.3 (Build 2405991 on Thu Dec 06 23:56:15 MST 2018)
* Project:        fitler_step_one
* Solution:       solution1
* Product family: zynq
* Target device:  xc7z010clg400-1


================================================================
== Performance Estimates
================================================================
+ Timing (ns): 
    * Summary: 
    +--------+-------+----------+------------+
    |  Clock | Target| Estimated| Uncertainty|
    +--------+-------+----------+------------+
    |ap_clk  |  13.50|     7.268|        1.69|
    +--------+-------+----------+------------+

+ Latency (clock cycles): 
    * Summary: 
    +-----+--------+-----+--------+---------+
    |    Latency   |   Interval   | Pipeline|
    | min |   max  | min |   max  |   Type  |
    +-----+--------+-----+--------+---------+
    |    3|  265219|    3|  265219|   none  |
    +-----+--------+-----+--------+---------+

    + Detail: 
        * Instance: 
        N/A

        * Loop: 
        +-----------------------+-----+--------+----------+-----------+-----------+---------+----------+
        |                       |    Latency   | Iteration|  Initiation Interval  |   Trip  |          |
        |       Loop Name       | min |   max  |  Latency |  achieved |   target  |  Count  | Pipelined|
        +-----------------------+-----+--------+----------+-----------+-----------+---------+----------+
        |- loop_wait_for_start  |    0|       0|         1|          1|          1|        0|    yes   |
        |- loop_height          |    0|  265216|  6 ~ 518 |          -|          -| 0 ~ 512 |    no    |
        | + loop_width          |    1|     513|         2|          1|          1| 0 ~ 512 |    yes   |
        | + loop_wait_for_eol   |    0|       0|         1|          1|          1|        0|    yes   |
        +-----------------------+-----+--------+----------+-----------+-----------+---------+----------+



================================================================
== Utilization Estimates
================================================================
* Summary: 
+-----------------+---------+-------+-------+-------+
|       Name      | BRAM_18K| DSP48E|   FF  |  LUT  |
+-----------------+---------+-------+-------+-------+
|DSP              |        -|      -|      -|      -|
|Expression       |        -|      -|      0|    132|
|FIFO             |        -|      -|      -|      -|
|Instance         |        -|      -|      -|      -|
|Memory           |        -|      -|      -|      -|
|Multiplexer      |        -|      -|      -|    299|
|Register         |        -|      -|    212|      -|
+-----------------+---------+-------+-------+-------+
|Total            |        0|      0|    212|    431|
+-----------------+---------+-------+-------+-------+
|Available        |      120|     80|  35200|  17600|
+-----------------+---------+-------+-------+-------+
|Utilization (%)  |        0|      0|   ~0  |      2|
+-----------------+---------+-------+-------+-------+

+ Detail: 
    * Instance: 
    N/A

    * DSP48: 
    N/A

    * Memory: 
    N/A

    * FIFO: 
    N/A

    * Expression: 
    +----------------------------------+----------+-------+---+----+------------+------------+
    |           Variable Name          | Operation| DSP48E| FF| LUT| Bitwidth P0| Bitwidth P1|
    +----------------------------------+----------+-------+---+----+------------+------------+
    |i_V_fu_313_p2                     |     +    |      0|  0|  39|          32|           1|
    |j_V_fu_324_p2                     |     +    |      0|  0|  39|          32|           1|
    |AXI_video_strm_V_id_V0_status     |    and   |      0|  0|   2|           1|           1|
    |ap_block_pp1_stage0_01001         |    and   |      0|  0|   2|           1|           1|
    |ap_block_state8                   |    and   |      0|  0|   2|           1|           1|
    |ap_condition_141                  |    and   |      0|  0|   2|           1|           1|
    |ap_predicate_op74_read_state6     |    and   |      0|  0|   2|           1|           1|
    |exitcond5_i_fu_308_p2             |   icmp   |      0|  0|  18|          32|          32|
    |exitcond_i_fu_319_p2              |   icmp   |      0|  0|  18|          32|          32|
    |ap_block_state1                   |    or    |      0|  0|   2|           1|           1|
    |ap_block_state6_pp1_stage0_iter1  |    or    |      0|  0|   2|           1|           1|
    |brmerge_i_fu_333_p2               |    or    |      0|  0|   2|           1|           1|
    |ap_enable_pp1                     |    xor   |      0|  0|   2|           1|           2|
    +----------------------------------+----------+-------+---+----+------------+------------+
    |Total                             |          |      0|  0| 132|         137|          76|
    +----------------------------------+----------+-------+---+----+------------+------------+

    * Multiplexer: 
    +-----------------------------------------+----+-----------+-----+-----------+
    |                   Name                  | LUT| Input Size| Bits| Total Bits|
    +-----------------------------------------+----+-----------+-----+-----------+
    |AXI_video_strm_V_data_V_blk_n            |   9|          2|    1|          2|
    |AXI_video_strm_V_dest_V_blk_n            |   9|          2|    1|          2|
    |AXI_video_strm_V_id_V_blk_n              |   9|          2|    1|          2|
    |AXI_video_strm_V_keep_V_blk_n            |   9|          2|    1|          2|
    |AXI_video_strm_V_last_V_blk_n            |   9|          2|    1|          2|
    |AXI_video_strm_V_strb_V_blk_n            |   9|          2|    1|          2|
    |AXI_video_strm_V_user_V_blk_n            |   9|          2|    1|          2|
    |ap_NS_fsm                                |  44|          9|    1|          9|
    |ap_done                                  |   9|          2|    1|          2|
    |ap_enable_reg_pp1_iter1                  |   9|          2|    1|          2|
    |ap_phi_mux_axi_last_V_2_i_phi_fu_226_p4  |  15|          3|    1|          3|
    |ap_phi_mux_p_Val2_s_phi_fu_238_p4        |  15|          3|    8|         24|
    |axi_data_V1_i_reg_155                    |   9|          2|    8|         16|
    |axi_data_V_1_i_reg_198                   |   9|          2|    8|         16|
    |axi_data_V_3_i_reg_259                   |   9|          2|    8|         16|
    |axi_last_V1_i_reg_145                    |   9|          2|    1|          2|
    |axi_last_V_3_i_reg_247                   |   9|          2|    1|          2|
    |eol_2_i_reg_271                          |   9|          2|    1|          2|
    |eol_i_reg_209                            |   9|          2|    1|          2|
    |eol_reg_187                              |   9|          2|    1|          2|
    |img_cols_V_blk_n                         |   9|          2|    1|          2|
    |img_cols_V_out_blk_n                     |   9|          2|    1|          2|
    |img_data_stream_V_blk_n                  |   9|          2|    1|          2|
    |img_rows_V_blk_n                         |   9|          2|    1|          2|
    |img_rows_V_out_blk_n                     |   9|          2|    1|          2|
    |real_start                               |   9|          2|    1|          2|
    |t_V_3_reg_176                            |   9|          2|   32|         64|
    |t_V_reg_165                              |   9|          2|   32|         64|
    +-----------------------------------------+----+-----------+-----+-----------+
    |Total                                    | 299|         65|  118|        252|
    +-----------------------------------------+----+-----------+-----+-----------+

    * Register: 
    +-------------------------+----+----+-----+-----------+
    |           Name          | FF | LUT| Bits| Const Bits|
    +-------------------------+----+----+-----+-----------+
    |ap_CS_fsm                |   8|   0|    8|          0|
    |ap_done_reg              |   1|   0|    1|          0|
    |ap_enable_reg_pp1_iter0  |   1|   0|    1|          0|
    |ap_enable_reg_pp1_iter1  |   1|   0|    1|          0|
    |axi_data_V1_i_reg_155    |   8|   0|    8|          0|
    |axi_data_V_1_i_reg_198   |   8|   0|    8|          0|
    |axi_data_V_3_i_reg_259   |   8|   0|    8|          0|
    |axi_last_V1_i_reg_145    |   1|   0|    1|          0|
    |axi_last_V_3_i_reg_247   |   1|   0|    1|          0|
    |cols_V_reg_349           |  32|   0|   32|          0|
    |eol_2_i_reg_271          |   1|   0|    1|          0|
    |eol_i_reg_209            |   1|   0|    1|          0|
    |eol_reg_187              |   1|   0|    1|          0|
    |exitcond_i_reg_383       |   1|   0|    1|          0|
    |i_V_reg_378              |  32|   0|   32|          0|
    |rows_V_reg_344           |  32|   0|   32|          0|
    |sof_1_i_fu_88            |   1|   0|    1|          0|
    |start_once_reg           |   1|   0|    1|          0|
    |t_V_3_reg_176            |  32|   0|   32|          0|
    |t_V_reg_165              |  32|   0|   32|          0|
    |tmp_data_V_reg_354       |   8|   0|    8|          0|
    |tmp_last_V_reg_362       |   1|   0|    1|          0|
    +-------------------------+----+----+-----+-----------+
    |Total                    | 212|   0|  212|          0|
    +-------------------------+----+----+-----+-----------+



================================================================
== Interface
================================================================
* Summary: 
+---------------------------------+-----+-----+------------+-------------------------+--------------+
|            RTL Ports            | Dir | Bits|  Protocol  |      Source Object      |    C Type    |
+---------------------------------+-----+-----+------------+-------------------------+--------------+
|ap_clk                           |  in |    1| ap_ctrl_hs |       AXIvideo2Mat      | return value |
|ap_rst                           |  in |    1| ap_ctrl_hs |       AXIvideo2Mat      | return value |
|ap_start                         |  in |    1| ap_ctrl_hs |       AXIvideo2Mat      | return value |
|start_full_n                     |  in |    1| ap_ctrl_hs |       AXIvideo2Mat      | return value |
|ap_done                          | out |    1| ap_ctrl_hs |       AXIvideo2Mat      | return value |
|ap_continue                      |  in |    1| ap_ctrl_hs |       AXIvideo2Mat      | return value |
|ap_idle                          | out |    1| ap_ctrl_hs |       AXIvideo2Mat      | return value |
|ap_ready                         | out |    1| ap_ctrl_hs |       AXIvideo2Mat      | return value |
|start_out                        | out |    1| ap_ctrl_hs |       AXIvideo2Mat      | return value |
|start_write                      | out |    1| ap_ctrl_hs |       AXIvideo2Mat      | return value |
|AXI_video_strm_V_data_V_dout     |  in |    8|   ap_fifo  | AXI_video_strm_V_data_V |    pointer   |
|AXI_video_strm_V_data_V_empty_n  |  in |    1|   ap_fifo  | AXI_video_strm_V_data_V |    pointer   |
|AXI_video_strm_V_data_V_read     | out |    1|   ap_fifo  | AXI_video_strm_V_data_V |    pointer   |
|AXI_video_strm_V_keep_V_dout     |  in |    1|   ap_fifo  | AXI_video_strm_V_keep_V |    pointer   |
|AXI_video_strm_V_keep_V_empty_n  |  in |    1|   ap_fifo  | AXI_video_strm_V_keep_V |    pointer   |
|AXI_video_strm_V_keep_V_read     | out |    1|   ap_fifo  | AXI_video_strm_V_keep_V |    pointer   |
|AXI_video_strm_V_strb_V_dout     |  in |    1|   ap_fifo  | AXI_video_strm_V_strb_V |    pointer   |
|AXI_video_strm_V_strb_V_empty_n  |  in |    1|   ap_fifo  | AXI_video_strm_V_strb_V |    pointer   |
|AXI_video_strm_V_strb_V_read     | out |    1|   ap_fifo  | AXI_video_strm_V_strb_V |    pointer   |
|AXI_video_strm_V_user_V_dout     |  in |    1|   ap_fifo  | AXI_video_strm_V_user_V |    pointer   |
|AXI_video_strm_V_user_V_empty_n  |  in |    1|   ap_fifo  | AXI_video_strm_V_user_V |    pointer   |
|AXI_video_strm_V_user_V_read     | out |    1|   ap_fifo  | AXI_video_strm_V_user_V |    pointer   |
|AXI_video_strm_V_last_V_dout     |  in |    1|   ap_fifo  | AXI_video_strm_V_last_V |    pointer   |
|AXI_video_strm_V_last_V_empty_n  |  in |    1|   ap_fifo  | AXI_video_strm_V_last_V |    pointer   |
|AXI_video_strm_V_last_V_read     | out |    1|   ap_fifo  | AXI_video_strm_V_last_V |    pointer   |
|AXI_video_strm_V_id_V_dout       |  in |    1|   ap_fifo  |  AXI_video_strm_V_id_V  |    pointer   |
|AXI_video_strm_V_id_V_empty_n    |  in |    1|   ap_fifo  |  AXI_video_strm_V_id_V  |    pointer   |
|AXI_video_strm_V_id_V_read       | out |    1|   ap_fifo  |  AXI_video_strm_V_id_V  |    pointer   |
|AXI_video_strm_V_dest_V_dout     |  in |    1|   ap_fifo  | AXI_video_strm_V_dest_V |    pointer   |
|AXI_video_strm_V_dest_V_empty_n  |  in |    1|   ap_fifo  | AXI_video_strm_V_dest_V |    pointer   |
|AXI_video_strm_V_dest_V_read     | out |    1|   ap_fifo  | AXI_video_strm_V_dest_V |    pointer   |
|img_rows_V_dout                  |  in |   11|   ap_fifo  |        img_rows_V       |    pointer   |
|img_rows_V_empty_n               |  in |    1|   ap_fifo  |        img_rows_V       |    pointer   |
|img_rows_V_read                  | out |    1|   ap_fifo  |        img_rows_V       |    pointer   |
|img_cols_V_dout                  |  in |   11|   ap_fifo  |        img_cols_V       |    pointer   |
|img_cols_V_empty_n               |  in |    1|   ap_fifo  |        img_cols_V       |    pointer   |
|img_cols_V_read                  | out |    1|   ap_fifo  |        img_cols_V       |    pointer   |
|img_data_stream_V_din            | out |    8|   ap_fifo  |    img_data_stream_V    |    pointer   |
|img_data_stream_V_full_n         |  in |    1|   ap_fifo  |    img_data_stream_V    |    pointer   |
|img_data_stream_V_write          | out |    1|   ap_fifo  |    img_data_stream_V    |    pointer   |
|img_rows_V_out_din               | out |   11|   ap_fifo  |      img_rows_V_out     |    pointer   |
|img_rows_V_out_full_n            |  in |    1|   ap_fifo  |      img_rows_V_out     |    pointer   |
|img_rows_V_out_write             | out |    1|   ap_fifo  |      img_rows_V_out     |    pointer   |
|img_cols_V_out_din               | out |   11|   ap_fifo  |      img_cols_V_out     |    pointer   |
|img_cols_V_out_full_n            |  in |    1|   ap_fifo  |      img_cols_V_out     |    pointer   |
|img_cols_V_out_write             | out |    1|   ap_fifo  |      img_cols_V_out     |    pointer   |
+---------------------------------+-----+-----+------------+-------------------------+--------------+

