

================================================================
== Vivado HLS Report for 'GaussianBlur'
================================================================
* Date:           Tue Aug  4 18:25:17 2020

* Version:        2018.3 (Build 2405991 on Thu Dec 06 23:56:15 MST 2018)
* Project:        fitler_step_one
* Solution:       solution1
* Product family: zynq
* Target device:  xc7z010clg400-1


================================================================
== Performance Estimates
================================================================
+ Timing (ns): 
    * Summary: 
    +--------+-------+----------+------------+
    |  Clock | Target| Estimated| Uncertainty|
    +--------+-------+----------+------------+
    |ap_clk  |  13.50|    12.771|        1.69|
    +--------+-------+----------+------------+

+ Latency (clock cycles): 
    * Summary: 
    +-----+--------+-----+--------+---------+
    |    Latency   |   Interval   | Pipeline|
    | min |   max  | min |   max  |   Type  |
    +-----+--------+-----+--------+---------+
    |  182|  271958|  182|  271958|   none  |
    +-----+--------+-----+--------+---------+

    + Detail: 
        * Instance: 
        +--------------------+----------+-----+--------+-----+--------+---------+
        |                    |          |    Latency   |   Interval   | Pipeline|
        |      Instance      |  Module  | min |   max  | min |   max  |   Type  |
        +--------------------+----------+-----+--------+-----+--------+---------+
        |grp_Filter2D_fu_38  |Filter2D  |  181|  271957|  181|  271957|   none  |
        +--------------------+----------+-----+--------+-----+--------+---------+

        * Loop: 
        N/A



================================================================
== Utilization Estimates
================================================================
* Summary: 
+-----------------+---------+-------+-------+-------+
|       Name      | BRAM_18K| DSP48E|   FF  |  LUT  |
+-----------------+---------+-------+-------+-------+
|DSP              |        -|      -|      -|      -|
|Expression       |        -|      -|      0|      2|
|FIFO             |        -|      -|      -|      -|
|Instance         |        7|     23|   1468|   4023|
|Memory           |        -|      -|      -|      -|
|Multiplexer      |        -|      -|      -|     69|
|Register         |        -|      -|     27|      -|
+-----------------+---------+-------+-------+-------+
|Total            |        7|     23|   1495|   4094|
+-----------------+---------+-------+-------+-------+
|Available        |      120|     80|  35200|  17600|
+-----------------+---------+-------+-------+-------+
|Utilization (%)  |        5|     28|      4|     23|
+-----------------+---------+-------+-------+-------+

+ Detail: 
    * Instance: 
    +--------------------+----------+---------+-------+------+------+
    |      Instance      |  Module  | BRAM_18K| DSP48E|  FF  |  LUT |
    +--------------------+----------+---------+-------+------+------+
    |grp_Filter2D_fu_38  |Filter2D  |        7|     23|  1468|  4023|
    +--------------------+----------+---------+-------+------+------+
    |Total               |          |        7|     23|  1468|  4023|
    +--------------------+----------+---------+-------+------+------+

    * DSP48: 
    N/A

    * Memory: 
    N/A

    * FIFO: 
    N/A

    * Expression: 
    +-----------------+----------+-------+---+----+------------+------------+
    |  Variable Name  | Operation| DSP48E| FF| LUT| Bitwidth P0| Bitwidth P1|
    +-----------------+----------+-------+---+----+------------+------------+
    |ap_block_state1  |    or    |      0|  0|   2|           1|           1|
    +-----------------+----------+-------+---+----+------------+------------+
    |Total            |          |      0|  0|   2|           1|           1|
    +-----------------+----------+-------+---+----+------------+------------+

    * Multiplexer: 
    +---------------------------+----+-----------+-----+-----------+
    |            Name           | LUT| Input Size| Bits| Total Bits|
    +---------------------------+----+-----------+-----+-----------+
    |ap_NS_fsm                  |  15|          3|    1|          3|
    |ap_done                    |   9|          2|    1|          2|
    |p_dst_data_stream_V_write  |   9|          2|    1|          2|
    |p_src_cols_V_blk_n         |   9|          2|    1|          2|
    |p_src_data_stream_V_read   |   9|          2|    1|          2|
    |p_src_rows_V_blk_n         |   9|          2|    1|          2|
    |real_start                 |   9|          2|    1|          2|
    +---------------------------+----+-----------+-----+-----------+
    |Total                      |  69|         15|    7|         15|
    +---------------------------+----+-----------+-----+-----------+

    * Register: 
    +---------------------------------+----+----+-----+-----------+
    |               Name              | FF | LUT| Bits| Const Bits|
    +---------------------------------+----+----+-----+-----------+
    |ap_CS_fsm                        |   2|   0|    2|          0|
    |ap_done_reg                      |   1|   0|    1|          0|
    |grp_Filter2D_fu_38_ap_start_reg  |   1|   0|    1|          0|
    |p_src_cols_V_read_reg_55         |  11|   0|   11|          0|
    |p_src_rows_V_read_reg_50         |  11|   0|   11|          0|
    |start_once_reg                   |   1|   0|    1|          0|
    +---------------------------------+----+----+-----+-----------+
    |Total                            |  27|   0|   27|          0|
    +---------------------------------+----+----+-----+-----------+



================================================================
== Interface
================================================================
* Summary: 
+-----------------------------+-----+-----+------------+---------------------+--------------+
|          RTL Ports          | Dir | Bits|  Protocol  |    Source Object    |    C Type    |
+-----------------------------+-----+-----+------------+---------------------+--------------+
|ap_clk                       |  in |    1| ap_ctrl_hs |     GaussianBlur    | return value |
|ap_rst                       |  in |    1| ap_ctrl_hs |     GaussianBlur    | return value |
|ap_start                     |  in |    1| ap_ctrl_hs |     GaussianBlur    | return value |
|start_full_n                 |  in |    1| ap_ctrl_hs |     GaussianBlur    | return value |
|ap_done                      | out |    1| ap_ctrl_hs |     GaussianBlur    | return value |
|ap_continue                  |  in |    1| ap_ctrl_hs |     GaussianBlur    | return value |
|ap_idle                      | out |    1| ap_ctrl_hs |     GaussianBlur    | return value |
|ap_ready                     | out |    1| ap_ctrl_hs |     GaussianBlur    | return value |
|start_out                    | out |    1| ap_ctrl_hs |     GaussianBlur    | return value |
|start_write                  | out |    1| ap_ctrl_hs |     GaussianBlur    | return value |
|p_src_rows_V_dout            |  in |   11|   ap_fifo  |     p_src_rows_V    |    pointer   |
|p_src_rows_V_empty_n         |  in |    1|   ap_fifo  |     p_src_rows_V    |    pointer   |
|p_src_rows_V_read            | out |    1|   ap_fifo  |     p_src_rows_V    |    pointer   |
|p_src_cols_V_dout            |  in |   11|   ap_fifo  |     p_src_cols_V    |    pointer   |
|p_src_cols_V_empty_n         |  in |    1|   ap_fifo  |     p_src_cols_V    |    pointer   |
|p_src_cols_V_read            | out |    1|   ap_fifo  |     p_src_cols_V    |    pointer   |
|p_src_data_stream_V_dout     |  in |    8|   ap_fifo  | p_src_data_stream_V |    pointer   |
|p_src_data_stream_V_empty_n  |  in |    1|   ap_fifo  | p_src_data_stream_V |    pointer   |
|p_src_data_stream_V_read     | out |    1|   ap_fifo  | p_src_data_stream_V |    pointer   |
|p_dst_data_stream_V_din      | out |    8|   ap_fifo  | p_dst_data_stream_V |    pointer   |
|p_dst_data_stream_V_full_n   |  in |    1|   ap_fifo  | p_dst_data_stream_V |    pointer   |
|p_dst_data_stream_V_write    | out |    1|   ap_fifo  | p_dst_data_stream_V |    pointer   |
+-----------------------------+-----+-----+------------+---------------------+--------------+

